#
# A fatal error has been detected by the Java Runtime Environment:
#
#  EXCEPTION_ACCESS_VIOLATION (0xc0000005) at pc=0x00007ffda2ae8e88, pid=4484, tid=5080
#
# JRE version: OpenJDK Runtime Environment Corretto-11.0.10.9.1 (11.0.10+9) (build 11.0.10+9-LTS)
# Java VM: OpenJDK 64-Bit Server VM Corretto-11.0.10.9.1 (11.0.10+9-LTS, mixed mode, tiered, compressed oops, g1 gc, windows-amd64)
# Problematic frame:
# C  0x00007ffda2ae8e88
#
# No core dump will be written. Minidumps are not enabled by default on client versions of Windows
#
# If you would like to submit a bug report, please visit:
#   https://github.com/corretto/corretto-11/issues/
# The crash happened outside the Java Virtual Machine in native code.
# See problematic frame for where to report the bug.
#

---------------  S U M M A R Y ------------

Command Line: --add-opens=java.base/java.lang.reflect=com.jfoenix -javaagent:C:\Users\ociel\AppData\Local\JetBrains\Toolbox\apps\IDEA-U\ch-0\203.6682.168\lib\idea_rt.jar=56854:C:\Users\ociel\AppData\Local\JetBrains\Toolbox\apps\IDEA-U\ch-0\203.6682.168\bin -Dfile.encoding=UTF-8 --module-path=C:\Users\ociel\OneDrive\gym\target\classes;C:\Users\ociel\.m2\repository\org\openjfx\javafx-controls\15.0.1\javafx-controls-15.0.1.jar;C:\Users\ociel\.m2\repository\org\openjfx\javafx-controls\15.0.1\javafx-controls-15.0.1-win.jar;C:\Users\ociel\.m2\repository\org\openjfx\javafx-fxml\15.0.1\javafx-fxml-15.0.1.jar;C:\Users\ociel\.m2\repository\org\openjfx\javafx-fxml\15.0.1\javafx-fxml-15.0.1-win.jar;C:\Users\ociel\.m2\repository\org\openjfx\javafx-graphics\15.0.1\javafx-graphics-15.0.1.jar;C:\Users\ociel\.m2\repository\org\openjfx\javafx-graphics\15.0.1\javafx-graphics-15.0.1-win.jar;C:\Users\ociel\.m2\repository\org\openjfx\javafx-base\15.0.1\javafx-base-15.0.1.jar;C:\Users\ociel\.m2\repository\org\openjfx\javafx-base\15.0.1\javafx-base-15.0.1-win.jar;C:\Users\ociel\.m2\repository\org\openjfx\javafx-web\15.0.1\javafx-web-15.0.1.jar;C:\Users\ociel\.m2\repository\org\openjfx\javafx-web\15.0.1\javafx-web-15.0.1-win.jar;C:\Users\ociel\.m2\repository\org\openjfx\javafx-media\15.0.1\javafx-media-15.0.1.jar;C:\Users\ociel\.m2\repository\org\openjfx\javafx-media\15.0.1\javafx-media-15.0.1-win.jar;C:\Users\ociel\.m2\repository\org\openjfx\javafx-swing\15.0.1\javafx-swing-15.0.1.jar;C:\Users\ociel\.m2\repository\org\openjfx\javafx-swing\15.0.1\javafx-swing-15.0.1-win.jar;C:\Users\ociel\.m2\repository\com\jfoenix\jfoenix\9.0.10\jfoenix-9.0.10.jar;C:\Users\ociel\.m2\repository\org\kordamp\ikonli\ikonli-javafx\11.5.0\ikonli-javafx-11.5.0.jar;C:\Users\ociel\.m2\repository\org\kordamp\ikonli\ikonli-core\11.5.0\ikonli-core-11.5.0.jar;C:\Users\ociel\.m2\repository\org\kordamp\ikonli\ikonli-material-pack\11.5.0\ikonli-material-pack-11.5.0.jar;C:\Users\ociel\.m2\repository\mysql\mysql-connector-java\8.0.22\mysql-connector-java-8.0.22.jar;C:\Users\ociel\.m2\repository\com\google\protobuf\protobuf-java\3.11.4\protobuf-java-3.11.4.jar -Djdk.module.main=app app/com.ocielgp.RunApp

Host: AMD Ryzen 3 2200G with Radeon Vega Graphics    , 4 cores, 13G,  Windows 10 , 64 bit Build 19041 (10.0.19041.662)
Time: Sun Jan 31 12:16:14 2021 Central Standard Time (Mexico) elapsed time: 71.968864 seconds (0d 0h 1m 11s)

---------------  T H R E A D  ---------------

Current thread (0x00000233258b0800):  JavaThread "Thread-24" daemon [_thread_in_native, id=5080, stack(0x000000db28300000,0x000000db28400000)]

Stack: [0x000000db28300000,0x000000db28400000],  sp=0x000000db283fcee0,  free space=1011k
Native frames: (J=compiled Java code, j=interpreted, Vv=VM code, C=native code)
C  0x00007ffda2ae8e88

Java frames: (J=compiled Java code, j=interpreted, Vv=VM code)
J 4632  com.digitalpersona.uareu.jni.Dpfpdd.DpfpddQueryDevices(Lcom/digitalpersona/uareu/jni/Dpfpdd$IntReference;[Lcom/digitalpersona/uareu/Reader$Description;[Lcom/digitalpersona/uareu/jni/Dpfpdd$IntReference;[Lcom/digitalpersona/uareu/jni/Dpfpdd$IntReference;)I app (0 bytes) @ 0x000002331241f265 [0x000002331241f1c0+0x00000000000000a5]
J 4847 c2 com.digitalpersona.uareu.jni.Dpfpdd.query_devices()[Lcom/digitalpersona/uareu/Reader$Description; app (204 bytes) @ 0x0000023312475e14 [0x00000233124750e0+0x0000000000000d34]
J 4858 c2 com.ocielgp.fingerprint.Fingerprint.Scan()Z app (45 bytes) @ 0x000002331248a584 [0x000002331248a420+0x0000000000000164]
J 4868 c2 com.ocielgp.fingerprint.Fingerprint$1$1.call()Ljava/lang/Void; app (34 bytes) @ 0x00000233124927f8 [0x00000233124927c0+0x0000000000000038]
J 4862 c2 javafx.concurrent.Service$$Lambda$575.run()Ljava/lang/Object; javafx.graphics (8 bytes) @ 0x00000233124913c0 [0x0000023312491200+0x00000000000001c0]
v  ~StubRoutines::call_stub
J 3105  java.security.AccessController.doPrivileged(Ljava/security/PrivilegedAction;Ljava/security/AccessControlContext;)Ljava/lang/Object; java.base@11.0.10 (0 bytes) @ 0x00000233123754b6 [0x0000023312375440+0x0000000000000076]
J 4861 c2 javafx.concurrent.Service$$Lambda$573.run()V javafx.graphics (12 bytes) @ 0x000002331249074c [0x0000023312490640+0x000000000000010c]
J 4885% c1 java.util.concurrent.ThreadPoolExecutor.runWorker(Ljava/util/concurrent/ThreadPoolExecutor$Worker;)V java.base@11.0.10 (187 bytes) @ 0x000002330b6f6ef4 [0x000002330b6f6360+0x0000000000000b94]
j  java.util.concurrent.ThreadPoolExecutor$Worker.run()V+5 java.base@11.0.10
j  java.lang.Thread.run()V+11 java.base@11.0.10
v  ~StubRoutines::call_stub

siginfo: EXCEPTION_ACCESS_VIOLATION (0xc0000005), reading address 0x0000000000000000


Register to memory mapping:

RIP=0x00007ffda2ae8e88 points into unknown readable memory: 0x2444290f2804100f | 0f 10 04 28 0f 29 44 24
RAX=0x0 is NULL
RBX=0x0 is NULL
RCX=0xf7eb8a49d0870000 is an unknown value
RDX=0x00007ffda2afcb68 points into unknown readable memory: 0x2073726564616572 | 72 65 61 64 65 72 73 20
RSP=0x000000db283fcee0 is pointing into the stack for thread: 0x00000233258b0800
RBP=0x0 is NULL
RSI=0x000000db283fd0f0 is pointing into the stack for thread: 0x00000233258b0800
RDI=0x0 is NULL
R8 =0x0 is NULL
R9 =0x000000db283fc798 is pointing into the stack for thread: 0x00000233258b0800
R10=0x0000023325eb91a0 points into unknown readable memory: 0x00000001d4500001 | 01 00 50 d4 01 00 00 00
R11=0x000000db283fcec0 is pointing into the stack for thread: 0x00000233258b0800
R12=0x000002333c2c5df0 points into unknown readable memory: 0x00000000000005ac | ac 05 00 00 00 00 00 00
R13=0x000002333c2c5df0 points into unknown readable memory: 0x00000000000005ac | ac 05 00 00 00 00 00 00
R14=0x0 is NULL
R15=0x0000000005ba000d is an unknown value


Registers:
RAX=0x0000000000000000, RBX=0x0000000000000000, RCX=0xf7eb8a49d0870000, RDX=0x00007ffda2afcb68
RSP=0x000000db283fcee0, RBP=0x0000000000000000, RSI=0x000000db283fd0f0, RDI=0x0000000000000000
R8 =0x0000000000000000, R9 =0x000000db283fc798, R10=0x0000023325eb91a0, R11=0x000000db283fcec0
R12=0x000002333c2c5df0, R13=0x000002333c2c5df0, R14=0x0000000000000000, R15=0x0000000005ba000d
RIP=0x00007ffda2ae8e88, EFLAGS=0x0000000000010202

Top of Stack: (sp=0x000000db283fcee0)
0x000000db283fcee0:   00007ffda2b05720 00007ffda2afcb68
0x000000db283fcef0:   0000000000000000 000000db283fc798
0x000000db283fcf00:   0000000000000000 0000000000000000
0x000000db283fcf10:   0000000000000000 0000000000000000
0x000000db283fcf20:   00007ffda2b05758 00007ffde54e6e2c
0x000000db283fcf30:   0000023330790000 00007ffd00000000
0x000000db283fcf40:   fffffffffffffffe 000000db00000000
0x000000db283fcf50:   0000000000000000 0000000000000027
0x000000db283fcf60:   0000023300000002 00000233258b0800
0x000000db283fcf70:   0000023339807b70 00007ffd78e65d10
0x000000db283fcf80:   fffffffffffffffe 0000000000000002
0x000000db283fcf90:   0000000000000001 00007ffdba8c8bb8
0x000000db283fcfa0:   000002333c420c40 000000db283fd040
0x000000db283fcfb0:   000000db283fcfe0 00007ffdba8b81ca
0x000000db283fcfc0:   0000f730a2761e67 0000023300000000
0x000000db283fcfd0:   00000233258b0b48 00000007271443f0 

Instructions: (pc=0x00007ffda2ae8e88)
0x00007ffda2ae8d88:   41 56 41 57 48 81 ec f0 00 00 00 48 c7 44 24 60
0x00007ffda2ae8d98:   fe ff ff ff 48 89 9c 24 40 01 00 00 48 8b 05 c5
0x00007ffda2ae8da8:   a2 01 00 48 33 c4 48 89 84 24 e0 00 00 00 4c 8b
0x00007ffda2ae8db8:   ea 48 8b f1 45 33 c0 48 8d 15 c2 49 01 00 48 8d
0x00007ffda2ae8dc8:   4c 24 70 e8 70 da ff ff 90 45 33 f6 41 8b de 48
0x00007ffda2ae8dd8:   8d 05 7a c9 01 00 48 89 44 24 40 48 8b 0d 76 c9
0x00007ffda2ae8de8:   01 00 48 85 c9 74 07 ff 15 bb 12 01 00 90 48 8d
0x00007ffda2ae8df8:   0d 23 c9 01 00 e8 3e 2d 00 00 48 85 f6 75 0a bb
0x00007ffda2ae8e08:   14 00 ba 05 e9 d6 00 00 00 83 3e 00 74 0f 4d 85
0x00007ffda2ae8e18:   ed 75 0a bb 14 00 ba 05 e9 c2 00 00 00 44 89 74
0x00007ffda2ae8e28:   24 20 4c 89 74 24 28 48 8d 54 24 28 48 8d 4c 24
0x00007ffda2ae8e38:   20 ff 15 69 b7 01 00 41 bf 0d 00 ba 05 85 c0 0f
0x00007ffda2ae8e48:   88 84 00 00 00 44 8b 44 24 20 48 8d 15 0f 3d 01
0x00007ffda2ae8e58:   00 48 8d 4c 24 70 e8 ed db ff ff 41 8b fe 44 39
0x00007ffda2ae8e68:   36 76 58 49 8b ee 4d 8b e5 4c 89 74 24 30 4c 89
0x00007ffda2ae8e78:   74 24 38 41 8b 45 00 41 89 04 24 48 8b 44 24 28
0x00007ffda2ae8e88:   0f 10 04 28 0f 29 44 24 50 8b d7 48 69 d2 ac 05
0x00007ffda2ae8e98:   00 00 49 03 d5 4c 8d 44 24 30 48 8d 4c 24 50 e8
0x00007ffda2ae8ea8:   34 27 00 00 8b d8 85 c0 75 21 ff c7 49 81 c4 ac
0x00007ffda2ae8eb8:   05 00 00 48 83 c5 10 3b 3e 72 ae 8b 4c 24 20 3b
0x00007ffda2ae8ec8:   0e 41 0f 47 df 89 0e eb 02 8b d8 48 8b 4c 24 28
0x00007ffda2ae8ed8:   ff 15 c2 b6 01 00 41 3b df 74 20 85 db 74 1c 44
0x00007ffda2ae8ee8:   8b c3 41 81 c8 00 00 00 80 48 8d 15 bc 3b 01 00
0x00007ffda2ae8ef8:   48 8d 4c 24 70 e8 6e de ff ff 90 48 8b 0d 56 c8
0x00007ffda2ae8f08:   01 00 48 85 c9 74 07 ff 15 5b 11 01 00 90 48 8d
0x00007ffda2ae8f18:   4c 24 70 e8 60 da ff ff 8b c3 48 8b 8c 24 e0 00
0x00007ffda2ae8f28:   00 00 48 33 cc e8 7e 44 00 00 48 8b 9c 24 40 01
0x00007ffda2ae8f38:   00 00 48 81 c4 f0 00 00 00 41 5f 41 5e 41 5d 41
0x00007ffda2ae8f48:   5c 5f 5e 5d c3 cc cc cc 40 55 56 57 41 54 41 55
0x00007ffda2ae8f58:   41 56 41 57 48 8d 6c 24 d0 48 81 ec 30 01 00 00
0x00007ffda2ae8f68:   48 c7 44 24 48 fe ff ff ff 48 89 9c 24 88 01 00
0x00007ffda2ae8f78:   00 48 8b 05 f0 a0 01 00 48 33 c4 48 89 45 20 4d 


Stack slot to memory mapping:
stack at sp + 0 slots: 0x00007ffda2b05720 points into unknown readable memory: 0x00007ffda2afe0e0 | e0 e0 af a2 fd 7f 00 00
stack at sp + 1 slots: 0x00007ffda2afcb68 points into unknown readable memory: 0x2073726564616572 | 72 65 61 64 65 72 73 20
stack at sp + 2 slots: 0x0 is NULL
stack at sp + 3 slots: 0x000000db283fc798 is pointing into the stack for thread: 0x00000233258b0800
stack at sp + 4 slots: 0x0 is NULL
stack at sp + 5 slots: 0x0 is NULL
stack at sp + 6 slots: 0x0 is NULL
stack at sp + 7 slots: 0x0 is NULL


---------------  P R O C E S S  ---------------

Threads class SMR info:
_java_thread_list=0x0000023325ea0a30, length=52, elements={
0x000002330203b000, 0x00000233248dd000, 0x00000233248e6800, 0x00000233251b7800,
0x00000233251b8800, 0x00000233251bb000, 0x00000233251bf000, 0x00000233251c6800,
0x000002332523f800, 0x0000023324871800, 0x00000233259c8800, 0x0000023325e86800,
0x0000023326236800, 0x0000023326241000, 0x00000233262a3000, 0x000002332605f800,
0x000002332c6ba800, 0x00000233261ec800, 0x0000023326844000, 0x000002332f426800,
0x000002332f428800, 0x000002332f426000, 0x000002332f427800, 0x00000233258a5000,
0x00000233258a6800, 0x00000233258a4000, 0x00000233258a6000, 0x00000233258a3800,
0x00000233258a9000, 0x00000233258aa000, 0x00000233258ad000, 0x00000233258aa800,
0x00000233258ab800, 0x00000233258ac800, 0x00000233258a7800, 0x00000233258ae000,
0x00000233258a8000, 0x00000233258b2000, 0x00000233258af000, 0x00000233258b0800,
0x00000233258af800, 0x00000233258b1000, 0x000002332525a000, 0x0000023325255800,
0x0000023325256800, 0x0000023325258000, 0x0000023325255000, 0x0000023325257800,
0x0000023325259000, 0x0000023325254000, 0x0000023325260800, 0x000002332525d000
}

Java Threads: ( => current thread )
  0x000002330203b000 JavaThread "main" [_thread_blocked, id=6812, stack(0x000000db24300000,0x000000db24400000)]
  0x00000233248dd000 JavaThread "Reference Handler" daemon [_thread_blocked, id=5352, stack(0x000000db24a00000,0x000000db24b00000)]
  0x00000233248e6800 JavaThread "Finalizer" daemon [_thread_blocked, id=10856, stack(0x000000db24b00000,0x000000db24c00000)]
  0x00000233251b7800 JavaThread "Signal Dispatcher" daemon [_thread_blocked, id=10792, stack(0x000000db24c00000,0x000000db24d00000)]
  0x00000233251b8800 JavaThread "Attach Listener" daemon [_thread_blocked, id=11564, stack(0x000000db24d00000,0x000000db24e00000)]
  0x00000233251bb000 JavaThread "Service Thread" daemon [_thread_blocked, id=6108, stack(0x000000db24e00000,0x000000db24f00000)]
  0x00000233251bf000 JavaThread "C2 CompilerThread0" daemon [_thread_blocked, id=4900, stack(0x000000db24f00000,0x000000db25000000)]
  0x00000233251c6800 JavaThread "C1 CompilerThread0" daemon [_thread_blocked, id=1984, stack(0x000000db25000000,0x000000db25100000)]
  0x000002332523f800 JavaThread "Sweeper thread" daemon [_thread_blocked, id=10772, stack(0x000000db25100000,0x000000db25200000)]
  0x0000023324871800 JavaThread "Common-Cleaner" daemon [_thread_blocked, id=8388, stack(0x000000db25200000,0x000000db25300000)]
  0x00000233259c8800 JavaThread "Monitor Ctrl-Break" daemon [_thread_in_native, id=9364, stack(0x000000db25400000,0x000000db25500000)]
  0x0000023325e86800 JavaThread "QuantumRenderer-0" daemon [_thread_blocked, id=3576, stack(0x000000db25900000,0x000000db25a00000)]
  0x0000023326236800 JavaThread "InvokeLaterDispatcher" daemon [_thread_blocked, id=9688, stack(0x000000db25b00000,0x000000db25c00000)]
  0x0000023326241000 JavaThread "JavaFX Application Thread" [_thread_in_native, id=12020, stack(0x000000db25c00000,0x000000db25d00000)]
  0x00000233262a3000 JavaThread "JavaFX-Launcher" [_thread_blocked, id=3564, stack(0x000000db26500000,0x000000db26600000)]
  0x000002332605f800 JavaThread "Thread-2" daemon [_thread_in_native, id=5256, stack(0x000000db26400000,0x000000db26500000)]
  0x000002332c6ba800 JavaThread "Prism Font Disposer" daemon [_thread_blocked, id=12220, stack(0x000000db26600000,0x000000db26700000)]
  0x00000233261ec800 JavaThread "mysql-cj-abandoned-connection-cleanup" daemon [_thread_blocked, id=7516, stack(0x000000db25300000,0x000000db25400000)]
  0x0000023326844000 JavaThread "Cleaner-0" daemon [_thread_blocked, id=9568, stack(0x000000db26a00000,0x000000db26b00000)]
  0x000002332f426800 JavaThread "ScheduledService Delay Timer" daemon [_thread_blocked, id=8420, stack(0x000000db26f00000,0x000000db27000000)]
  0x000002332f428800 JavaThread "Thread-5" daemon [_thread_blocked, id=11424, stack(0x000000db27000000,0x000000db27100000)]
  0x000002332f426000 JavaThread "Thread-6" daemon [_thread_blocked, id=11904, stack(0x000000db27100000,0x000000db27200000)]
  0x000002332f427800 JavaThread "Thread-7" daemon [_thread_blocked, id=4584, stack(0x000000db27200000,0x000000db27300000)]
  0x00000233258a5000 JavaThread "Thread-8" daemon [_thread_blocked, id=7832, stack(0x000000db27300000,0x000000db27400000)]
  0x00000233258a6800 JavaThread "Thread-9" daemon [_thread_blocked, id=6708, stack(0x000000db27400000,0x000000db27500000)]
  0x00000233258a4000 JavaThread "Thread-10" daemon [_thread_blocked, id=1496, stack(0x000000db27500000,0x000000db27600000)]
  0x00000233258a6000 JavaThread "Thread-11" daemon [_thread_blocked, id=1680, stack(0x000000db27600000,0x000000db27700000)]
  0x00000233258a3800 JavaThread "Thread-12" daemon [_thread_blocked, id=12248, stack(0x000000db27700000,0x000000db27800000)]
  0x00000233258a9000 JavaThread "Thread-13" daemon [_thread_blocked, id=2456, stack(0x000000db27800000,0x000000db27900000)]
  0x00000233258aa000 JavaThread "Thread-14" daemon [_thread_blocked, id=9796, stack(0x000000db27900000,0x000000db27a00000)]
  0x00000233258ad000 JavaThread "Thread-15" daemon [_thread_blocked, id=9960, stack(0x000000db27a00000,0x000000db27b00000)]
  0x00000233258aa800 JavaThread "Thread-16" daemon [_thread_blocked, id=2204, stack(0x000000db27b00000,0x000000db27c00000)]
  0x00000233258ab800 JavaThread "Thread-17" daemon [_thread_blocked, id=10976, stack(0x000000db27c00000,0x000000db27d00000)]
  0x00000233258ac800 JavaThread "Thread-18" daemon [_thread_blocked, id=5540, stack(0x000000db27d00000,0x000000db27e00000)]
  0x00000233258a7800 JavaThread "Thread-19" daemon [_thread_blocked, id=6076, stack(0x000000db27e00000,0x000000db27f00000)]
  0x00000233258ae000 JavaThread "Thread-20" daemon [_thread_blocked, id=4056, stack(0x000000db27f00000,0x000000db28000000)]
  0x00000233258a8000 JavaThread "Thread-21" daemon [_thread_blocked, id=9168, stack(0x000000db28000000,0x000000db28100000)]
  0x00000233258b2000 JavaThread "Thread-22" daemon [_thread_blocked, id=7912, stack(0x000000db28100000,0x000000db28200000)]
  0x00000233258af000 JavaThread "Thread-23" daemon [_thread_blocked, id=6716, stack(0x000000db28200000,0x000000db28300000)]
=>0x00000233258b0800 JavaThread "Thread-24" daemon [_thread_in_native, id=5080, stack(0x000000db28300000,0x000000db28400000)]
  0x00000233258af800 JavaThread "Thread-25" daemon [_thread_blocked, id=8936, stack(0x000000db28400000,0x000000db28500000)]
  0x00000233258b1000 JavaThread "Thread-26" daemon [_thread_blocked, id=2840, stack(0x000000db28500000,0x000000db28600000)]
  0x000002332525a000 JavaThread "Thread-27" daemon [_thread_blocked, id=2984, stack(0x000000db28600000,0x000000db28700000)]
  0x0000023325255800 JavaThread "Thread-28" daemon [_thread_blocked, id=10304, stack(0x000000db28700000,0x000000db28800000)]
  0x0000023325256800 JavaThread "Thread-29" daemon [_thread_blocked, id=2480, stack(0x000000db28800000,0x000000db28900000)]
  0x0000023325258000 JavaThread "Thread-30" daemon [_thread_blocked, id=7864, stack(0x000000db28900000,0x000000db28a00000)]
  0x0000023325255000 JavaThread "Thread-31" daemon [_thread_blocked, id=10204, stack(0x000000db28a00000,0x000000db28b00000)]
  0x0000023325257800 JavaThread "Thread-32" daemon [_thread_blocked, id=2096, stack(0x000000db28b00000,0x000000db28c00000)]
  0x0000023325259000 JavaThread "Thread-33" daemon [_thread_blocked, id=6888, stack(0x000000db28c00000,0x000000db28d00000)]
  0x0000023325254000 JavaThread "Thread-34" daemon [_thread_blocked, id=9528, stack(0x000000db28d00000,0x000000db28e00000)]
  0x0000023325260800 JavaThread "Thread-35" daemon [_thread_blocked, id=10592, stack(0x000000db28e00000,0x000000db28f00000)]
  0x000002332525d000 JavaThread "Thread-36" daemon [_thread_blocked, id=12200, stack(0x000000db28f00000,0x000000db29000000)]

Other Threads:
  0x00000233248ba800 VMThread "VM Thread" [stack: 0x000000db24900000,0x000000db24a00000] [id=10756]
  0x0000023325b4a800 WatcherThread [stack: 0x000000db25500000,0x000000db25600000] [id=8008]
  0x0000023302053800 GCTaskThread "GC Thread#0" [stack: 0x000000db24400000,0x000000db24500000] [id=8512]
  0x00000233256f1000 GCTaskThread "GC Thread#1" [stack: 0x000000db25600000,0x000000db25700000] [id=11596]
  0x0000023325dce800 GCTaskThread "GC Thread#2" [stack: 0x000000db25700000,0x000000db25800000] [id=9516]
  0x0000023325dcf000 GCTaskThread "GC Thread#3" [stack: 0x000000db25800000,0x000000db25900000] [id=7724]
  0x00000233020a5000 ConcurrentGCThread "G1 Main Marker" [stack: 0x000000db24500000,0x000000db24600000] [id=11968]
  0x00000233020a7800 ConcurrentGCThread "G1 Conc#0" [stack: 0x000000db24600000,0x000000db24700000] [id=10556]
  0x00000233247a2000 ConcurrentGCThread "G1 Refine#0" [stack: 0x000000db24700000,0x000000db24800000] [id=1952]
  0x00000233247a3800 ConcurrentGCThread "G1 Young RemSet Sampling" [stack: 0x000000db24800000,0x000000db24900000] [id=7296]

Threads with active compile tasks:

VM state:not at safepoint (normal execution)

VM Mutex/Monitor currently owned by a thread: None

Heap address: 0x0000000720c00000, size: 3572 MB, Compressed Oops mode: Zero based, Oop shift amount: 3
Narrow klass base: 0x0000000800000000, Narrow klass shift: 0
Compressed class space size: 1073741824 Address: 0x0000000800000000

Heap:
 garbage-first heap   total 229376K, used 156085K [0x0000000720c00000, 0x0000000800000000)
  region size 1024K, 129 young (132096K), 1 survivors (1024K)
 Metaspace       used 33866K, capacity 34994K, committed 35120K, reserved 1079296K
  class space    used 4206K, capacity 4665K, committed 4736K, reserved 1048576K
Heap Regions: E=young(eden), S=young(survivor), O=old, HS=humongous(starts), HC=humongous(continues), CS=collection set, F=free, A=archive, TAMS=top-at-mark-start (previous, next)
|   0|0x0000000720c00000, 0x0000000720d00000, 0x0000000720d00000|100%|HS|  |TAMS 0x0000000720d00000, 0x0000000720c00000| Complete 
|   1|0x0000000720d00000, 0x0000000720e00000, 0x0000000720e00000|100%|HC|  |TAMS 0x0000000720e00000, 0x0000000720d00000| Complete 
|   2|0x0000000720e00000, 0x0000000720f00000, 0x0000000720f00000|100%|HC|  |TAMS 0x0000000720f00000, 0x0000000720e00000| Complete 
|   3|0x0000000720f00000, 0x0000000721000000, 0x0000000721000000|100%|HC|  |TAMS 0x0000000721000000, 0x0000000720f00000| Complete 
|   4|0x0000000721000000, 0x0000000721100000, 0x0000000721100000|100%|HC|  |TAMS 0x0000000721100000, 0x0000000721000000| Complete 
|   5|0x0000000721100000, 0x0000000721200000, 0x0000000721200000|100%|HC|  |TAMS 0x0000000721200000, 0x0000000721100000| Complete 
|   6|0x0000000721200000, 0x0000000721300000, 0x0000000721300000|100%|HC|  |TAMS 0x0000000721300000, 0x0000000721200000| Complete 
|   7|0x0000000721300000, 0x0000000721400000, 0x0000000721400000|100%|HC|  |TAMS 0x0000000721400000, 0x0000000721300000| Complete 
|   8|0x0000000721400000, 0x0000000721500000, 0x0000000721500000|100%|HC|  |TAMS 0x0000000721500000, 0x0000000721400000| Complete 
|   9|0x0000000721500000, 0x0000000721600000, 0x0000000721600000|100%|HC|  |TAMS 0x0000000721600000, 0x0000000721500000| Complete 
|  10|0x0000000721600000, 0x0000000721700000, 0x0000000721700000|100%|HC|  |TAMS 0x0000000721700000, 0x0000000721600000| Complete 
|  11|0x0000000721700000, 0x0000000721800000, 0x0000000721800000|100%|HS|  |TAMS 0x0000000721700000, 0x0000000721700000| Complete 
|  12|0x0000000721800000, 0x0000000721900000, 0x0000000721900000|100%|HC|  |TAMS 0x0000000721800000, 0x0000000721800000| Complete 
|  13|0x0000000721900000, 0x0000000721a00000, 0x0000000721a00000|100%| O|  |TAMS 0x0000000721900000, 0x0000000721900000| Untracked 
|  14|0x0000000721a00000, 0x0000000721b00000, 0x0000000721b00000|100%| O|  |TAMS 0x0000000721a00000, 0x0000000721a00000| Untracked 
|  15|0x0000000721b00000, 0x0000000721c00000, 0x0000000721c00000|100%| O|  |TAMS 0x0000000721b00000, 0x0000000721b00000| Untracked 
|  16|0x0000000721c00000, 0x0000000721d00000, 0x0000000721d00000|100%| O|  |TAMS 0x0000000721c00000, 0x0000000721c00000| Untracked 
|  17|0x0000000721d00000, 0x0000000721e00000, 0x0000000721e00000|100%| O|  |TAMS 0x0000000721d00000, 0x0000000721d00000| Untracked 
|  18|0x0000000721e00000, 0x0000000721f00000, 0x0000000721f00000|100%| O|  |TAMS 0x0000000721e00000, 0x0000000721e00000| Untracked 
|  19|0x0000000721f00000, 0x0000000722000000, 0x0000000722000000|100%| O|  |TAMS 0x0000000721f00000, 0x0000000721f00000| Untracked 
|  20|0x0000000722000000, 0x0000000722100000, 0x0000000722100000|100%| O|  |TAMS 0x0000000722000000, 0x0000000722000000| Untracked 
|  21|0x0000000722100000, 0x0000000722200000, 0x0000000722200000|100%| O|  |TAMS 0x0000000722100000, 0x0000000722100000| Untracked 
|  22|0x0000000722200000, 0x0000000722300000, 0x0000000722300000|100%| O|  |TAMS 0x0000000722200000, 0x0000000722200000| Untracked 
|  23|0x0000000722300000, 0x0000000722400000, 0x0000000722400000|100%| O|  |TAMS 0x0000000722300000, 0x0000000722300000| Untracked 
|  24|0x0000000722400000, 0x0000000722500000, 0x0000000722500000|100%| O|  |TAMS 0x0000000722400000, 0x0000000722400000| Untracked 
|  25|0x0000000722500000, 0x000000072253ba00, 0x0000000722600000| 23%| O|  |TAMS 0x0000000722500000, 0x0000000722500000| Untracked 
|  26|0x0000000722600000, 0x0000000722600000, 0x0000000722700000|  0%| F|  |TAMS 0x0000000722600000, 0x0000000722600000| Untracked 
|  27|0x0000000722700000, 0x0000000722700000, 0x0000000722800000|  0%| F|  |TAMS 0x0000000722700000, 0x0000000722700000| Untracked 
|  28|0x0000000722800000, 0x0000000722800000, 0x0000000722900000|  0%| F|  |TAMS 0x0000000722800000, 0x0000000722800000| Untracked 
|  29|0x0000000722900000, 0x0000000722900000, 0x0000000722a00000|  0%| F|  |TAMS 0x0000000722900000, 0x0000000722900000| Untracked 
|  30|0x0000000722a00000, 0x0000000722a00000, 0x0000000722b00000|  0%| F|  |TAMS 0x0000000722a00000, 0x0000000722a00000| Untracked 
|  31|0x0000000722b00000, 0x0000000722b00000, 0x0000000722c00000|  0%| F|  |TAMS 0x0000000722b00000, 0x0000000722b00000| Untracked 
|  32|0x0000000722c00000, 0x0000000722c00000, 0x0000000722d00000|  0%| F|  |TAMS 0x0000000722c00000, 0x0000000722c00000| Untracked 
|  33|0x0000000722d00000, 0x0000000722d00000, 0x0000000722e00000|  0%| F|  |TAMS 0x0000000722d00000, 0x0000000722d00000| Untracked 
|  34|0x0000000722e00000, 0x0000000722e00000, 0x0000000722f00000|  0%| F|  |TAMS 0x0000000722e00000, 0x0000000722e00000| Untracked 
|  35|0x0000000722f00000, 0x0000000722f00000, 0x0000000723000000|  0%| F|  |TAMS 0x0000000722f00000, 0x0000000722f00000| Untracked 
|  36|0x0000000723000000, 0x0000000723000000, 0x0000000723100000|  0%| F|  |TAMS 0x0000000723000000, 0x0000000723000000| Untracked 
|  37|0x0000000723100000, 0x0000000723100000, 0x0000000723200000|  0%| F|  |TAMS 0x0000000723100000, 0x0000000723100000| Untracked 
|  38|0x0000000723200000, 0x0000000723200000, 0x0000000723300000|  0%| F|  |TAMS 0x0000000723200000, 0x0000000723200000| Untracked 
|  39|0x0000000723300000, 0x0000000723300000, 0x0000000723400000|  0%| F|  |TAMS 0x0000000723300000, 0x0000000723300000| Untracked 
|  40|0x0000000723400000, 0x0000000723400000, 0x0000000723500000|  0%| F|  |TAMS 0x0000000723400000, 0x0000000723400000| Untracked 
|  41|0x0000000723500000, 0x0000000723500000, 0x0000000723600000|  0%| F|  |TAMS 0x0000000723500000, 0x0000000723500000| Untracked 
|  42|0x0000000723600000, 0x0000000723600000, 0x0000000723700000|  0%| F|  |TAMS 0x0000000723600000, 0x0000000723600000| Untracked 
|  43|0x0000000723700000, 0x0000000723700000, 0x0000000723800000|  0%| F|  |TAMS 0x0000000723700000, 0x0000000723700000| Untracked 
|  44|0x0000000723800000, 0x0000000723800000, 0x0000000723900000|  0%| F|  |TAMS 0x0000000723800000, 0x0000000723800000| Untracked 
|  45|0x0000000723900000, 0x0000000723900000, 0x0000000723a00000|  0%| F|  |TAMS 0x0000000723900000, 0x0000000723900000| Untracked 
|  46|0x0000000723a00000, 0x0000000723a00000, 0x0000000723b00000|  0%| F|  |TAMS 0x0000000723a00000, 0x0000000723a00000| Untracked 
|  47|0x0000000723b00000, 0x0000000723b00000, 0x0000000723c00000|  0%| F|  |TAMS 0x0000000723b00000, 0x0000000723b00000| Untracked 
|  48|0x0000000723c00000, 0x0000000723c00000, 0x0000000723d00000|  0%| F|  |TAMS 0x0000000723c00000, 0x0000000723c00000| Untracked 
|  49|0x0000000723d00000, 0x0000000723d00000, 0x0000000723e00000|  0%| F|  |TAMS 0x0000000723d00000, 0x0000000723d00000| Untracked 
|  50|0x0000000723e00000, 0x0000000723e00000, 0x0000000723f00000|  0%| F|  |TAMS 0x0000000723e00000, 0x0000000723e00000| Untracked 
|  51|0x0000000723f00000, 0x0000000723f00000, 0x0000000724000000|  0%| F|  |TAMS 0x0000000723f00000, 0x0000000723f00000| Untracked 
|  52|0x0000000724000000, 0x0000000724000000, 0x0000000724100000|  0%| F|  |TAMS 0x0000000724000000, 0x0000000724000000| Untracked 
|  53|0x0000000724100000, 0x0000000724100000, 0x0000000724200000|  0%| F|  |TAMS 0x0000000724100000, 0x0000000724100000| Untracked 
|  54|0x0000000724200000, 0x0000000724200000, 0x0000000724300000|  0%| F|  |TAMS 0x0000000724200000, 0x0000000724200000| Untracked 
|  55|0x0000000724300000, 0x0000000724300000, 0x0000000724400000|  0%| F|  |TAMS 0x0000000724300000, 0x0000000724300000| Untracked 
|  56|0x0000000724400000, 0x0000000724400000, 0x0000000724500000|  0%| F|  |TAMS 0x0000000724400000, 0x0000000724400000| Untracked 
|  57|0x0000000724500000, 0x0000000724500000, 0x0000000724600000|  0%| F|  |TAMS 0x0000000724500000, 0x0000000724500000| Untracked 
|  58|0x0000000724600000, 0x0000000724600000, 0x0000000724700000|  0%| F|  |TAMS 0x0000000724600000, 0x0000000724600000| Untracked 
|  59|0x0000000724700000, 0x0000000724700000, 0x0000000724800000|  0%| F|  |TAMS 0x0000000724700000, 0x0000000724700000| Untracked 
|  60|0x0000000724800000, 0x0000000724800000, 0x0000000724900000|  0%| F|  |TAMS 0x0000000724800000, 0x0000000724800000| Untracked 
|  61|0x0000000724900000, 0x0000000724900000, 0x0000000724a00000|  0%| F|  |TAMS 0x0000000724900000, 0x0000000724900000| Untracked 
|  62|0x0000000724a00000, 0x0000000724a00000, 0x0000000724b00000|  0%| F|  |TAMS 0x0000000724a00000, 0x0000000724a00000| Untracked 
|  63|0x0000000724b00000, 0x0000000724b00000, 0x0000000724c00000|  0%| F|  |TAMS 0x0000000724b00000, 0x0000000724b00000| Untracked 
|  64|0x0000000724c00000, 0x0000000724c00000, 0x0000000724d00000|  0%| F|  |TAMS 0x0000000724c00000, 0x0000000724c00000| Untracked 
|  65|0x0000000724d00000, 0x0000000724d00000, 0x0000000724e00000|  0%| F|  |TAMS 0x0000000724d00000, 0x0000000724d00000| Untracked 
|  66|0x0000000724e00000, 0x0000000724e00000, 0x0000000724f00000|  0%| F|  |TAMS 0x0000000724e00000, 0x0000000724e00000| Untracked 
|  67|0x0000000724f00000, 0x0000000724f00000, 0x0000000725000000|  0%| F|  |TAMS 0x0000000724f00000, 0x0000000724f00000| Untracked 
|  68|0x0000000725000000, 0x0000000725000000, 0x0000000725100000|  0%| F|  |TAMS 0x0000000725000000, 0x0000000725000000| Untracked 
|  69|0x0000000725100000, 0x0000000725100000, 0x0000000725200000|  0%| F|  |TAMS 0x0000000725100000, 0x0000000725100000| Untracked 
|  70|0x0000000725200000, 0x0000000725200000, 0x0000000725300000|  0%| F|  |TAMS 0x0000000725200000, 0x0000000725200000| Untracked 
|  71|0x0000000725300000, 0x0000000725300000, 0x0000000725400000|  0%| F|  |TAMS 0x0000000725300000, 0x0000000725300000| Untracked 
|  72|0x0000000725400000, 0x0000000725400000, 0x0000000725500000|  0%| F|  |TAMS 0x0000000725400000, 0x0000000725400000| Untracked 
|  73|0x0000000725500000, 0x0000000725500000, 0x0000000725600000|  0%| F|  |TAMS 0x0000000725500000, 0x0000000725500000| Untracked 
|  74|0x0000000725600000, 0x0000000725600000, 0x0000000725700000|  0%| F|  |TAMS 0x0000000725600000, 0x0000000725600000| Untracked 
|  75|0x0000000725700000, 0x0000000725700000, 0x0000000725800000|  0%| F|  |TAMS 0x0000000725700000, 0x0000000725700000| Untracked 
|  76|0x0000000725800000, 0x0000000725800000, 0x0000000725900000|  0%| F|  |TAMS 0x0000000725800000, 0x0000000725800000| Untracked 
|  77|0x0000000725900000, 0x0000000725900000, 0x0000000725a00000|  0%| F|  |TAMS 0x0000000725900000, 0x0000000725900000| Untracked 
|  78|0x0000000725a00000, 0x0000000725a00000, 0x0000000725b00000|  0%| F|  |TAMS 0x0000000725a00000, 0x0000000725a00000| Untracked 
|  79|0x0000000725b00000, 0x0000000725b00000, 0x0000000725c00000|  0%| F|  |TAMS 0x0000000725b00000, 0x0000000725b00000| Untracked 
|  80|0x0000000725c00000, 0x0000000725c00000, 0x0000000725d00000|  0%| F|  |TAMS 0x0000000725c00000, 0x0000000725c00000| Untracked 
|  81|0x0000000725d00000, 0x0000000725d00000, 0x0000000725e00000|  0%| F|  |TAMS 0x0000000725d00000, 0x0000000725d00000| Untracked 
|  82|0x0000000725e00000, 0x0000000725e00000, 0x0000000725f00000|  0%| F|  |TAMS 0x0000000725e00000, 0x0000000725e00000| Untracked 
|  83|0x0000000725f00000, 0x0000000725f00000, 0x0000000726000000|  0%| F|  |TAMS 0x0000000725f00000, 0x0000000725f00000| Untracked 
|  84|0x0000000726000000, 0x0000000726000000, 0x0000000726100000|  0%| F|  |TAMS 0x0000000726000000, 0x0000000726000000| Untracked 
|  85|0x0000000726100000, 0x0000000726100000, 0x0000000726200000|  0%| F|  |TAMS 0x0000000726100000, 0x0000000726100000| Untracked 
|  86|0x0000000726200000, 0x0000000726200000, 0x0000000726300000|  0%| F|  |TAMS 0x0000000726200000, 0x0000000726200000| Untracked 
|  87|0x0000000726300000, 0x0000000726300000, 0x0000000726400000|  0%| F|  |TAMS 0x0000000726300000, 0x0000000726300000| Untracked 
|  88|0x0000000726400000, 0x0000000726400000, 0x0000000726500000|  0%| F|  |TAMS 0x0000000726400000, 0x0000000726400000| Untracked 
|  89|0x0000000726500000, 0x0000000726531d10, 0x0000000726600000| 19%| S|CS|TAMS 0x0000000726500000, 0x0000000726500000| Complete 
|  90|0x0000000726600000, 0x0000000726600000, 0x0000000726700000|  0%| F|  |TAMS 0x0000000726600000, 0x0000000726600000| Untracked 
|  91|0x0000000726700000, 0x0000000726700000, 0x0000000726800000|  0%| F|  |TAMS 0x0000000726700000, 0x0000000726700000| Untracked 
|  92|0x0000000726800000, 0x0000000726800000, 0x0000000726900000|  0%| F|  |TAMS 0x0000000726800000, 0x0000000726800000| Untracked 
|  93|0x0000000726900000, 0x0000000726900000, 0x0000000726a00000|  0%| F|  |TAMS 0x0000000726900000, 0x0000000726900000| Untracked 
|  94|0x0000000726a00000, 0x0000000726a00000, 0x0000000726b00000|  0%| F|  |TAMS 0x0000000726a00000, 0x0000000726a00000| Untracked 
|  95|0x0000000726b00000, 0x0000000726b00000, 0x0000000726c00000|  0%| F|  |TAMS 0x0000000726b00000, 0x0000000726b00000| Untracked 
|  96|0x0000000726c00000, 0x0000000726cb5cb0, 0x0000000726d00000| 71%| E|  |TAMS 0x0000000726c00000, 0x0000000726c00000| Complete 
|  97|0x0000000726d00000, 0x0000000726e00000, 0x0000000726e00000|100%| E|CS|TAMS 0x0000000726d00000, 0x0000000726d00000| Complete 
|  98|0x0000000726e00000, 0x0000000726f00000, 0x0000000726f00000|100%| E|CS|TAMS 0x0000000726e00000, 0x0000000726e00000| Complete 
|  99|0x0000000726f00000, 0x0000000727000000, 0x0000000727000000|100%| E|CS|TAMS 0x0000000726f00000, 0x0000000726f00000| Complete 
| 100|0x0000000727000000, 0x0000000727100000, 0x0000000727100000|100%| E|CS|TAMS 0x0000000727000000, 0x0000000727000000| Complete 
| 101|0x0000000727100000, 0x0000000727200000, 0x0000000727200000|100%| E|CS|TAMS 0x0000000727100000, 0x0000000727100000| Complete 
| 102|0x0000000727200000, 0x0000000727300000, 0x0000000727300000|100%| E|CS|TAMS 0x0000000727200000, 0x0000000727200000| Complete 
| 103|0x0000000727300000, 0x0000000727400000, 0x0000000727400000|100%| E|CS|TAMS 0x0000000727300000, 0x0000000727300000| Complete 
| 104|0x0000000727400000, 0x0000000727500000, 0x0000000727500000|100%| E|CS|TAMS 0x0000000727400000, 0x0000000727400000| Complete 
| 105|0x0000000727500000, 0x0000000727600000, 0x0000000727600000|100%| E|CS|TAMS 0x0000000727500000, 0x0000000727500000| Complete 
| 106|0x0000000727600000, 0x0000000727700000, 0x0000000727700000|100%| E|CS|TAMS 0x0000000727600000, 0x0000000727600000| Complete 
| 107|0x0000000727700000, 0x0000000727800000, 0x0000000727800000|100%| E|CS|TAMS 0x0000000727700000, 0x0000000727700000| Complete 
| 108|0x0000000727800000, 0x0000000727900000, 0x0000000727900000|100%| E|CS|TAMS 0x0000000727800000, 0x0000000727800000| Complete 
| 109|0x0000000727900000, 0x0000000727a00000, 0x0000000727a00000|100%| E|CS|TAMS 0x0000000727900000, 0x0000000727900000| Complete 
| 110|0x0000000727a00000, 0x0000000727b00000, 0x0000000727b00000|100%| E|CS|TAMS 0x0000000727a00000, 0x0000000727a00000| Complete 
| 111|0x0000000727b00000, 0x0000000727c00000, 0x0000000727c00000|100%| E|CS|TAMS 0x0000000727b00000, 0x0000000727b00000| Complete 
| 112|0x0000000727c00000, 0x0000000727d00000, 0x0000000727d00000|100%| E|CS|TAMS 0x0000000727c00000, 0x0000000727c00000| Complete 
| 113|0x0000000727d00000, 0x0000000727e00000, 0x0000000727e00000|100%| E|CS|TAMS 0x0000000727d00000, 0x0000000727d00000| Complete 
| 114|0x0000000727e00000, 0x0000000727f00000, 0x0000000727f00000|100%| E|CS|TAMS 0x0000000727e00000, 0x0000000727e00000| Complete 
| 115|0x0000000727f00000, 0x0000000728000000, 0x0000000728000000|100%| E|CS|TAMS 0x0000000727f00000, 0x0000000727f00000| Complete 
| 116|0x0000000728000000, 0x0000000728100000, 0x0000000728100000|100%| E|CS|TAMS 0x0000000728000000, 0x0000000728000000| Complete 
| 117|0x0000000728100000, 0x0000000728200000, 0x0000000728200000|100%| E|CS|TAMS 0x0000000728100000, 0x0000000728100000| Complete 
| 118|0x0000000728200000, 0x0000000728300000, 0x0000000728300000|100%| E|CS|TAMS 0x0000000728200000, 0x0000000728200000| Complete 
| 119|0x0000000728300000, 0x0000000728400000, 0x0000000728400000|100%| E|CS|TAMS 0x0000000728300000, 0x0000000728300000| Complete 
| 120|0x0000000728400000, 0x0000000728500000, 0x0000000728500000|100%| E|CS|TAMS 0x0000000728400000, 0x0000000728400000| Complete 
| 121|0x0000000728500000, 0x0000000728600000, 0x0000000728600000|100%| E|CS|TAMS 0x0000000728500000, 0x0000000728500000| Complete 
| 122|0x0000000728600000, 0x0000000728700000, 0x0000000728700000|100%| E|CS|TAMS 0x0000000728600000, 0x0000000728600000| Complete 
| 123|0x0000000728700000, 0x0000000728800000, 0x0000000728800000|100%| E|CS|TAMS 0x0000000728700000, 0x0000000728700000| Complete 
| 124|0x0000000728800000, 0x0000000728900000, 0x0000000728900000|100%| E|CS|TAMS 0x0000000728800000, 0x0000000728800000| Complete 
| 125|0x0000000728900000, 0x0000000728a00000, 0x0000000728a00000|100%| E|CS|TAMS 0x0000000728900000, 0x0000000728900000| Complete 
| 126|0x0000000728a00000, 0x0000000728b00000, 0x0000000728b00000|100%| E|CS|TAMS 0x0000000728a00000, 0x0000000728a00000| Complete 
| 127|0x0000000728b00000, 0x0000000728c00000, 0x0000000728c00000|100%| E|CS|TAMS 0x0000000728b00000, 0x0000000728b00000| Complete 
| 128|0x0000000728c00000, 0x0000000728d00000, 0x0000000728d00000|100%| E|CS|TAMS 0x0000000728c00000, 0x0000000728c00000| Complete 
| 129|0x0000000728d00000, 0x0000000728e00000, 0x0000000728e00000|100%| E|CS|TAMS 0x0000000728d00000, 0x0000000728d00000| Complete 
| 130|0x0000000728e00000, 0x0000000728f00000, 0x0000000728f00000|100%| E|CS|TAMS 0x0000000728e00000, 0x0000000728e00000| Complete 
| 131|0x0000000728f00000, 0x0000000729000000, 0x0000000729000000|100%| E|CS|TAMS 0x0000000728f00000, 0x0000000728f00000| Complete 
| 132|0x0000000729000000, 0x0000000729100000, 0x0000000729100000|100%| E|CS|TAMS 0x0000000729000000, 0x0000000729000000| Complete 
| 133|0x0000000729100000, 0x0000000729200000, 0x0000000729200000|100%| E|CS|TAMS 0x0000000729100000, 0x0000000729100000| Complete 
| 134|0x0000000729200000, 0x0000000729300000, 0x0000000729300000|100%| E|CS|TAMS 0x0000000729200000, 0x0000000729200000| Complete 
| 135|0x0000000729300000, 0x0000000729400000, 0x0000000729400000|100%| E|CS|TAMS 0x0000000729300000, 0x0000000729300000| Complete 
| 136|0x0000000729400000, 0x0000000729500000, 0x0000000729500000|100%| E|CS|TAMS 0x0000000729400000, 0x0000000729400000| Complete 
| 137|0x0000000729500000, 0x0000000729600000, 0x0000000729600000|100%| E|CS|TAMS 0x0000000729500000, 0x0000000729500000| Complete 
| 138|0x0000000729600000, 0x0000000729700000, 0x0000000729700000|100%| E|CS|TAMS 0x0000000729600000, 0x0000000729600000| Complete 
| 139|0x0000000729700000, 0x0000000729800000, 0x0000000729800000|100%| E|CS|TAMS 0x0000000729700000, 0x0000000729700000| Complete 
| 140|0x0000000729800000, 0x0000000729900000, 0x0000000729900000|100%| E|CS|TAMS 0x0000000729800000, 0x0000000729800000| Complete 
| 141|0x0000000729900000, 0x0000000729a00000, 0x0000000729a00000|100%| E|CS|TAMS 0x0000000729900000, 0x0000000729900000| Complete 
| 142|0x0000000729a00000, 0x0000000729b00000, 0x0000000729b00000|100%| E|CS|TAMS 0x0000000729a00000, 0x0000000729a00000| Complete 
| 143|0x0000000729b00000, 0x0000000729c00000, 0x0000000729c00000|100%| E|CS|TAMS 0x0000000729b00000, 0x0000000729b00000| Complete 
| 144|0x0000000729c00000, 0x0000000729d00000, 0x0000000729d00000|100%| E|CS|TAMS 0x0000000729c00000, 0x0000000729c00000| Complete 
| 145|0x0000000729d00000, 0x0000000729e00000, 0x0000000729e00000|100%| E|CS|TAMS 0x0000000729d00000, 0x0000000729d00000| Complete 
| 146|0x0000000729e00000, 0x0000000729f00000, 0x0000000729f00000|100%| E|CS|TAMS 0x0000000729e00000, 0x0000000729e00000| Complete 
| 147|0x0000000729f00000, 0x000000072a000000, 0x000000072a000000|100%| E|CS|TAMS 0x0000000729f00000, 0x0000000729f00000| Complete 
| 148|0x000000072a000000, 0x000000072a100000, 0x000000072a100000|100%| E|CS|TAMS 0x000000072a000000, 0x000000072a000000| Complete 
| 149|0x000000072a100000, 0x000000072a200000, 0x000000072a200000|100%| E|CS|TAMS 0x000000072a100000, 0x000000072a100000| Complete 
| 150|0x000000072a200000, 0x000000072a300000, 0x000000072a300000|100%| E|CS|TAMS 0x000000072a200000, 0x000000072a200000| Complete 
| 151|0x000000072a300000, 0x000000072a400000, 0x000000072a400000|100%| E|CS|TAMS 0x000000072a300000, 0x000000072a300000| Complete 
| 152|0x000000072a400000, 0x000000072a500000, 0x000000072a500000|100%| E|CS|TAMS 0x000000072a400000, 0x000000072a400000| Complete 
| 153|0x000000072a500000, 0x000000072a600000, 0x000000072a600000|100%| E|CS|TAMS 0x000000072a500000, 0x000000072a500000| Complete 
| 154|0x000000072a600000, 0x000000072a700000, 0x000000072a700000|100%| E|CS|TAMS 0x000000072a600000, 0x000000072a600000| Complete 
| 155|0x000000072a700000, 0x000000072a800000, 0x000000072a800000|100%| E|CS|TAMS 0x000000072a700000, 0x000000072a700000| Complete 
| 156|0x000000072a800000, 0x000000072a900000, 0x000000072a900000|100%| E|CS|TAMS 0x000000072a800000, 0x000000072a800000| Complete 
| 157|0x000000072a900000, 0x000000072aa00000, 0x000000072aa00000|100%| E|CS|TAMS 0x000000072a900000, 0x000000072a900000| Complete 
| 158|0x000000072aa00000, 0x000000072ab00000, 0x000000072ab00000|100%| E|CS|TAMS 0x000000072aa00000, 0x000000072aa00000| Complete 
| 159|0x000000072ab00000, 0x000000072ac00000, 0x000000072ac00000|100%| E|CS|TAMS 0x000000072ab00000, 0x000000072ab00000| Complete 
| 160|0x000000072ac00000, 0x000000072ad00000, 0x000000072ad00000|100%| E|CS|TAMS 0x000000072ac00000, 0x000000072ac00000| Complete 
| 161|0x000000072ad00000, 0x000000072ae00000, 0x000000072ae00000|100%| E|CS|TAMS 0x000000072ad00000, 0x000000072ad00000| Complete 
| 162|0x000000072ae00000, 0x000000072af00000, 0x000000072af00000|100%| E|CS|TAMS 0x000000072ae00000, 0x000000072ae00000| Complete 
| 163|0x000000072af00000, 0x000000072b000000, 0x000000072b000000|100%| E|CS|TAMS 0x000000072af00000, 0x000000072af00000| Complete 
| 164|0x000000072b000000, 0x000000072b100000, 0x000000072b100000|100%| E|CS|TAMS 0x000000072b000000, 0x000000072b000000| Complete 
| 165|0x000000072b100000, 0x000000072b200000, 0x000000072b200000|100%| E|CS|TAMS 0x000000072b100000, 0x000000072b100000| Complete 
| 166|0x000000072b200000, 0x000000072b300000, 0x000000072b300000|100%| E|CS|TAMS 0x000000072b200000, 0x000000072b200000| Complete 
| 167|0x000000072b300000, 0x000000072b400000, 0x000000072b400000|100%| E|CS|TAMS 0x000000072b300000, 0x000000072b300000| Complete 
| 168|0x000000072b400000, 0x000000072b500000, 0x000000072b500000|100%| E|CS|TAMS 0x000000072b400000, 0x000000072b400000| Complete 
| 169|0x000000072b500000, 0x000000072b600000, 0x000000072b600000|100%| E|CS|TAMS 0x000000072b500000, 0x000000072b500000| Complete 
| 170|0x000000072b600000, 0x000000072b700000, 0x000000072b700000|100%| E|CS|TAMS 0x000000072b600000, 0x000000072b600000| Complete 
| 171|0x000000072b700000, 0x000000072b800000, 0x000000072b800000|100%| E|CS|TAMS 0x000000072b700000, 0x000000072b700000| Complete 
| 172|0x000000072b800000, 0x000000072b900000, 0x000000072b900000|100%| E|CS|TAMS 0x000000072b800000, 0x000000072b800000| Complete 
| 173|0x000000072b900000, 0x000000072ba00000, 0x000000072ba00000|100%| E|CS|TAMS 0x000000072b900000, 0x000000072b900000| Complete 
| 174|0x000000072ba00000, 0x000000072bb00000, 0x000000072bb00000|100%| E|CS|TAMS 0x000000072ba00000, 0x000000072ba00000| Complete 
| 175|0x000000072bb00000, 0x000000072bc00000, 0x000000072bc00000|100%| E|CS|TAMS 0x000000072bb00000, 0x000000072bb00000| Complete 
| 176|0x000000072bc00000, 0x000000072bd00000, 0x000000072bd00000|100%| E|CS|TAMS 0x000000072bc00000, 0x000000072bc00000| Complete 
| 177|0x000000072bd00000, 0x000000072be00000, 0x000000072be00000|100%| E|CS|TAMS 0x000000072bd00000, 0x000000072bd00000| Complete 
| 178|0x000000072be00000, 0x000000072bf00000, 0x000000072bf00000|100%| E|CS|TAMS 0x000000072be00000, 0x000000072be00000| Complete 
| 179|0x000000072bf00000, 0x000000072c000000, 0x000000072c000000|100%| E|CS|TAMS 0x000000072bf00000, 0x000000072bf00000| Complete 
| 180|0x000000072c000000, 0x000000072c100000, 0x000000072c100000|100%| E|CS|TAMS 0x000000072c000000, 0x000000072c000000| Complete 
| 181|0x000000072c100000, 0x000000072c200000, 0x000000072c200000|100%| E|CS|TAMS 0x000000072c100000, 0x000000072c100000| Complete 
| 182|0x000000072c200000, 0x000000072c300000, 0x000000072c300000|100%| E|CS|TAMS 0x000000072c200000, 0x000000072c200000| Complete 
| 183|0x000000072c300000, 0x000000072c400000, 0x000000072c400000|100%| E|CS|TAMS 0x000000072c300000, 0x000000072c300000| Complete 
| 184|0x000000072c400000, 0x000000072c500000, 0x000000072c500000|100%| E|CS|TAMS 0x000000072c400000, 0x000000072c400000| Complete 
| 185|0x000000072c500000, 0x000000072c600000, 0x000000072c600000|100%| E|CS|TAMS 0x000000072c500000, 0x000000072c500000| Complete 
| 186|0x000000072c600000, 0x000000072c700000, 0x000000072c700000|100%| E|CS|TAMS 0x000000072c600000, 0x000000072c600000| Complete 
| 187|0x000000072c700000, 0x000000072c800000, 0x000000072c800000|100%| E|CS|TAMS 0x000000072c700000, 0x000000072c700000| Complete 
| 188|0x000000072c800000, 0x000000072c900000, 0x000000072c900000|100%| E|CS|TAMS 0x000000072c800000, 0x000000072c800000| Complete 
| 189|0x000000072c900000, 0x000000072ca00000, 0x000000072ca00000|100%| E|CS|TAMS 0x000000072c900000, 0x000000072c900000| Complete 
| 190|0x000000072ca00000, 0x000000072cb00000, 0x000000072cb00000|100%| E|CS|TAMS 0x000000072ca00000, 0x000000072ca00000| Complete 
| 191|0x000000072cb00000, 0x000000072cc00000, 0x000000072cc00000|100%| E|CS|TAMS 0x000000072cb00000, 0x000000072cb00000| Complete 
| 192|0x000000072cc00000, 0x000000072cd00000, 0x000000072cd00000|100%| E|CS|TAMS 0x000000072cc00000, 0x000000072cc00000| Complete 
| 193|0x000000072cd00000, 0x000000072ce00000, 0x000000072ce00000|100%| E|CS|TAMS 0x000000072cd00000, 0x000000072cd00000| Complete 
| 194|0x000000072ce00000, 0x000000072cf00000, 0x000000072cf00000|100%| E|CS|TAMS 0x000000072ce00000, 0x000000072ce00000| Complete 
| 195|0x000000072cf00000, 0x000000072d000000, 0x000000072d000000|100%| E|CS|TAMS 0x000000072cf00000, 0x000000072cf00000| Complete 
| 196|0x000000072d000000, 0x000000072d100000, 0x000000072d100000|100%| E|CS|TAMS 0x000000072d000000, 0x000000072d000000| Complete 
| 197|0x000000072d100000, 0x000000072d200000, 0x000000072d200000|100%| E|CS|TAMS 0x000000072d100000, 0x000000072d100000| Complete 
| 198|0x000000072d200000, 0x000000072d300000, 0x000000072d300000|100%| E|CS|TAMS 0x000000072d200000, 0x000000072d200000| Complete 
| 199|0x000000072d300000, 0x000000072d400000, 0x000000072d400000|100%| E|CS|TAMS 0x000000072d300000, 0x000000072d300000| Complete 
| 200|0x000000072d400000, 0x000000072d500000, 0x000000072d500000|100%| E|CS|TAMS 0x000000072d400000, 0x000000072d400000| Complete 
| 201|0x000000072d500000, 0x000000072d600000, 0x000000072d600000|100%| E|CS|TAMS 0x000000072d500000, 0x000000072d500000| Complete 
| 202|0x000000072d600000, 0x000000072d700000, 0x000000072d700000|100%| E|CS|TAMS 0x000000072d600000, 0x000000072d600000| Complete 
| 203|0x000000072d700000, 0x000000072d800000, 0x000000072d800000|100%| E|CS|TAMS 0x000000072d700000, 0x000000072d700000| Complete 
| 204|0x000000072d800000, 0x000000072d900000, 0x000000072d900000|100%| E|CS|TAMS 0x000000072d800000, 0x000000072d800000| Complete 
| 205|0x000000072d900000, 0x000000072da00000, 0x000000072da00000|100%| E|CS|TAMS 0x000000072d900000, 0x000000072d900000| Complete 
| 206|0x000000072da00000, 0x000000072db00000, 0x000000072db00000|100%| E|CS|TAMS 0x000000072da00000, 0x000000072da00000| Complete 
| 207|0x000000072db00000, 0x000000072dc00000, 0x000000072dc00000|100%| E|CS|TAMS 0x000000072db00000, 0x000000072db00000| Complete 
| 208|0x000000072dc00000, 0x000000072dd00000, 0x000000072dd00000|100%| E|CS|TAMS 0x000000072dc00000, 0x000000072dc00000| Complete 
| 209|0x000000072dd00000, 0x000000072de00000, 0x000000072de00000|100%| E|CS|TAMS 0x000000072dd00000, 0x000000072dd00000| Complete 
| 210|0x000000072de00000, 0x000000072df00000, 0x000000072df00000|100%| E|CS|TAMS 0x000000072de00000, 0x000000072de00000| Complete 
| 211|0x000000072df00000, 0x000000072e000000, 0x000000072e000000|100%| E|CS|TAMS 0x000000072df00000, 0x000000072df00000| Complete 
| 212|0x000000072e000000, 0x000000072e100000, 0x000000072e100000|100%| E|CS|TAMS 0x000000072e000000, 0x000000072e000000| Complete 
| 213|0x000000072e100000, 0x000000072e200000, 0x000000072e200000|100%| E|CS|TAMS 0x000000072e100000, 0x000000072e100000| Complete 
| 214|0x000000072e200000, 0x000000072e300000, 0x000000072e300000|100%| E|CS|TAMS 0x000000072e200000, 0x000000072e200000| Complete 
| 215|0x000000072e300000, 0x000000072e400000, 0x000000072e400000|100%| E|CS|TAMS 0x000000072e300000, 0x000000072e300000| Complete 
| 216|0x000000072e400000, 0x000000072e500000, 0x000000072e500000|100%| E|CS|TAMS 0x000000072e400000, 0x000000072e400000| Complete 
| 217|0x000000072e500000, 0x000000072e600000, 0x000000072e600000|100%| E|CS|TAMS 0x000000072e500000, 0x000000072e500000| Complete 
| 218|0x000000072e600000, 0x000000072e700000, 0x000000072e700000|100%| E|CS|TAMS 0x000000072e600000, 0x000000072e600000| Complete 
| 219|0x000000072e700000, 0x000000072e800000, 0x000000072e800000|100%| E|CS|TAMS 0x000000072e700000, 0x000000072e700000| Complete 
| 220|0x000000072e800000, 0x000000072e900000, 0x000000072e900000|100%| E|CS|TAMS 0x000000072e800000, 0x000000072e800000| Complete 
| 221|0x000000072e900000, 0x000000072ea00000, 0x000000072ea00000|100%| E|CS|TAMS 0x000000072e900000, 0x000000072e900000| Complete 
| 222|0x000000072ea00000, 0x000000072eb00000, 0x000000072eb00000|100%| E|CS|TAMS 0x000000072ea00000, 0x000000072ea00000| Complete 
| 223|0x000000072eb00000, 0x000000072ec00000, 0x000000072ec00000|100%| E|CS|TAMS 0x000000072eb00000, 0x000000072eb00000| Complete 

Card table byte_map: [0x000002331a490000,0x000002331ab90000] _byte_map_base: 0x0000023316b8a000

Marking Bits (Prev, Next): (CMBitMap*) 0x0000023302096700, (CMBitMap*) 0x00000233020966c8
 Prev Bits: [0x000002331ea60000, 0x0000023322230000)
 Next Bits: [0x000002331b290000, 0x000002331ea60000)

Polling page: 0x000002330a730000

Metaspace:

Usage:
  Non-class:     29.62 MB capacity,    28.96 MB ( 98%) used,   541.06 KB (  2%) free+waste,   127.81 KB ( <1%) overhead. 
      Class:      4.56 MB capacity,     4.11 MB ( 90%) used,   395.58 KB (  8%) free+waste,    63.38 KB (  1%) overhead. 
       Both:     34.17 MB capacity,    33.07 MB ( 97%) used,   936.64 KB (  3%) free+waste,   191.19 KB ( <1%) overhead. 

Virtual space:
  Non-class space:       30.00 MB reserved,      29.67 MB ( 99%) committed 
      Class space:        1.00 GB reserved,       4.63 MB ( <1%) committed 
             Both:        1.03 GB reserved,      34.30 MB (  3%) committed 

Chunk freelists:
   Non-Class:  55.00 KB
       Class:  7.00 KB
        Both:  62.00 KB

MaxMetaspaceSize: 17179869184.00 GB
CompressedClassSpaceSize: 1.00 GB

CodeHeap 'non-profiled nmethods': size=120064Kb used=2613Kb max_used=2613Kb free=117450Kb
 bounds [0x0000023312210000, 0x00000233124a0000, 0x0000023319750000]
CodeHeap 'profiled nmethods': size=120000Kb used=10346Kb max_used=10346Kb free=109653Kb
 bounds [0x000002330ace0000, 0x000002330b700000, 0x0000023312210000]
CodeHeap 'non-nmethods': size=5696Kb used=1404Kb max_used=1440Kb free=4291Kb
 bounds [0x000002330a750000, 0x000002330a9c0000, 0x000002330ace0000]
 total_blobs=5742 nmethods=4886 adapters=766
 compilation: enabled
              stopped_count=0, restarted_count=0
 full_count=0

Compilation events (20 events):
Event: 51.033 Thread 0x00000233251bf000 4879 % !   4       com.sun.glass.ui.InvokeLaterDispatcher::run @ 0 (153 bytes)
Event: 51.039 Thread 0x00000233251bf000 nmethod 4879% 0x0000023312496790 code [0x0000023312496980, 0x0000023312497008]
Event: 51.465 Thread 0x00000233251bf000 4880 % !   4       com.sun.glass.ui.InvokeLaterDispatcher::run @ 94 (153 bytes)
Event: 51.470 Thread 0x00000233251bf000 nmethod 4880% 0x0000023312497410 code [0x0000023312497620, 0x0000023312497d48]
Event: 60.625 Thread 0x00000233251bf000 4881       4       java.util.concurrent.LinkedBlockingDeque::linkLast (69 bytes)
Event: 60.625 Thread 0x00000233251c6800 4882       3       com.sun.glass.ui.win.WinApplication::_invokeLater (24 bytes)
Event: 60.625 Thread 0x00000233251c6800 nmethod 4882 0x000002330b6f5990 code [0x000002330b6f5b80, 0x000002330b6f5e98]
Event: 60.628 Thread 0x00000233251bf000 nmethod 4881 0x0000023312498110 code [0x00000233124982c0, 0x0000023312498708]
Event: 61.275 Thread 0x00000233251bf000 4883       4       com.sun.glass.ui.win.WinApplication::_invokeLater (24 bytes)
Event: 61.312 Thread 0x00000233251bf000 nmethod 4883 0x0000023312498890 code [0x0000023312498ae0, 0x000002331249a3c0]
Event: 61.312 Thread 0x00000233251bf000 4884       4       java.util.concurrent.LinkedBlockingDeque::addLast (19 bytes)
Event: 61.352 Thread 0x00000233251bf000 nmethod 4884 0x000002331249ac10 code [0x000002331249ae60, 0x000002331249c800]
Event: 65.571 Thread 0x00000233251c6800 4885 % !   3       java.util.concurrent.ThreadPoolExecutor::runWorker @ 21 (187 bytes)
Event: 65.573 Thread 0x00000233251c6800 nmethod 4885% 0x000002330b6f6010 code [0x000002330b6f6360, 0x000002330b6f7838]
Event: 65.899 Thread 0x00000233251c6800 4886   !   3       java.util.concurrent.ThreadPoolExecutor::runWorker (187 bytes)
Event: 65.901 Thread 0x00000233251c6800 nmethod 4886 0x000002330b6f8190 code [0x000002330b6f8580, 0x000002330b6f9f58]
Event: 66.642 Thread 0x00000233251bf000 4887       4       java.util.concurrent.ThreadPoolExecutor$Worker::tryRelease (12 bytes)
Event: 66.643 Thread 0x00000233251bf000 nmethod 4887 0x000002331249d010 code [0x000002331249d1a0, 0x000002331249d258]
Event: 66.643 Thread 0x00000233251bf000 4888       4       java.util.concurrent.ThreadPoolExecutor$Worker::tryAcquire (20 bytes)
Event: 66.644 Thread 0x00000233251bf000 nmethod 4888 0x000002331249d310 code [0x000002331249d4a0, 0x000002331249d5f8]

GC Heap History (12 events):
Event: 0.548 GC heap before
{Heap before GC invocations=0 (full 0):
 garbage-first heap   total 229376K, used 13312K [0x0000000720c00000, 0x0000000800000000)
  region size 1024K, 14 young (14336K), 0 survivors (0K)
 Metaspace       used 8724K, capacity 8982K, committed 9216K, reserved 1056768K
  class space    used 849K, capacity 960K, committed 1024K, reserved 1048576K
}
Event: 0.555 GC heap after
{Heap after GC invocations=1 (full 0):
 garbage-first heap   total 229376K, used 1840K [0x0000000720c00000, 0x0000000800000000)
  region size 1024K, 2 young (2048K), 2 survivors (2048K)
 Metaspace       used 8724K, capacity 8982K, committed 9216K, reserved 1056768K
  class space    used 849K, capacity 960K, committed 1024K, reserved 1048576K
}
Event: 2.401 GC heap before
{Heap before GC invocations=1 (full 0):
 garbage-first heap   total 229376K, used 54064K [0x0000000720c00000, 0x0000000800000000)
  region size 1024K, 43 young (44032K), 2 survivors (2048K)
 Metaspace       used 20571K, capacity 21194K, committed 21296K, reserved 1069056K
  class space    used 2422K, capacity 2680K, committed 2688K, reserved 1048576K
}
Event: 2.411 GC heap after
{Heap after GC invocations=2 (full 0):
 garbage-first heap   total 229376K, used 18821K [0x0000000720c00000, 0x0000000800000000)
  region size 1024K, 8 young (8192K), 8 survivors (8192K)
 Metaspace       used 20571K, capacity 21194K, committed 21296K, reserved 1069056K
  class space    used 2422K, capacity 2680K, committed 2688K, reserved 1048576K
}
Event: 23.475 GC heap before
{Heap before GC invocations=3 (full 0):
 garbage-first heap   total 229376K, used 63877K [0x0000000720c00000, 0x0000000800000000)
  region size 1024K, 51 young (52224K), 8 survivors (8192K)
 Metaspace       used 33337K, capacity 34370K, committed 34608K, reserved 1079296K
  class space    used 4168K, capacity 4609K, committed 4736K, reserved 1048576K
}
Event: 23.487 GC heap after
{Heap after GC invocations=4 (full 0):
 garbage-first heap   total 229376K, used 26310K [0x0000000720c00000, 0x0000000800000000)
  region size 1024K, 6 young (6144K), 6 survivors (6144K)
 Metaspace       used 33337K, capacity 34370K, committed 34608K, reserved 1079296K
  class space    used 4168K, capacity 4609K, committed 4736K, reserved 1048576K
}
Event: 48.991 GC heap before
{Heap before GC invocations=4 (full 0):
 garbage-first heap   total 229376K, used 89798K [0x0000000720c00000, 0x0000000800000000)
  region size 1024K, 68 young (69632K), 6 survivors (6144K)
 Metaspace       used 33862K, capacity 34930K, committed 35120K, reserved 1079296K
  class space    used 4206K, capacity 4665K, committed 4736K, reserved 1048576K
}
Event: 48.995 GC heap after
{Heap after GC invocations=5 (full 0):
 garbage-first heap   total 229376K, used 26739K [0x0000000720c00000, 0x0000000800000000)
  region size 1024K, 1 young (1024K), 1 survivors (1024K)
 Metaspace       used 33862K, capacity 34930K, committed 35120K, reserved 1079296K
  class space    used 4206K, capacity 4665K, committed 4736K, reserved 1048576K
}
Event: 56.243 GC heap before
{Heap before GC invocations=5 (full 0):
 garbage-first heap   total 229376K, used 149619K [0x0000000720c00000, 0x0000000800000000)
  region size 1024K, 121 young (123904K), 1 survivors (1024K)
 Metaspace       used 33862K, capacity 34930K, committed 35120K, reserved 1079296K
  class space    used 4206K, capacity 4665K, committed 4736K, reserved 1048576K
}
Event: 56.244 GC heap after
{Heap after GC invocations=6 (full 0):
 garbage-first heap   total 229376K, used 26152K [0x0000000720c00000, 0x0000000800000000)
  region size 1024K, 1 young (1024K), 1 survivors (1024K)
 Metaspace       used 33862K, capacity 34930K, committed 35120K, reserved 1079296K
  class space    used 4206K, capacity 4665K, committed 4736K, reserved 1048576K
}
Event: 64.445 GC heap before
{Heap before GC invocations=6 (full 0):
 garbage-first heap   total 229376K, used 162344K [0x0000000720c00000, 0x0000000800000000)
  region size 1024K, 134 young (137216K), 1 survivors (1024K)
 Metaspace       used 33862K, capacity 34930K, committed 35120K, reserved 1079296K
  class space    used 4206K, capacity 4665K, committed 4736K, reserved 1048576K
}
Event: 64.446 GC heap after
{Heap after GC invocations=7 (full 0):
 garbage-first heap   total 229376K, used 26037K [0x0000000720c00000, 0x0000000800000000)
  region size 1024K, 1 young (1024K), 1 survivors (1024K)
 Metaspace       used 33862K, capacity 34930K, committed 35120K, reserved 1079296K
  class space    used 4206K, capacity 4665K, committed 4736K, reserved 1048576K
}

Deoptimization events (20 events):
Event: 47.027 Thread 0x0000023326241000 DEOPT PACKING pc=0x0000023312454440 sp=0x000000db25cfc3b0
Event: 47.027 Thread 0x0000023326241000 DEOPT UNPACKING pc=0x000002330a777b2f sp=0x000000db25cfc2d8 mode 2
Event: 47.796 Thread 0x0000023325e86800 Uncommon trap: trap_request=0xffffff4d fr.pc=0x000002331240ab98 relative=0x0000000000000138
Event: 47.796 Thread 0x0000023325e86800 Uncommon trap: reason=unstable_if action=reinterpret pc=0x000002331240ab98 method=com.sun.prism.impl.ManagedResource.bumpAge(I)V @ 7 c2
Event: 47.796 Thread 0x0000023325e86800 DEOPT PACKING pc=0x000002331240ab98 sp=0x000000db259fe9a0
Event: 47.796 Thread 0x0000023325e86800 DEOPT UNPACKING pc=0x000002330a777b2f sp=0x000000db259fe8d8 mode 2
Event: 48.034 Thread 0x0000023326241000 Uncommon trap: trap_request=0xffffffde fr.pc=0x00000233124431c4 relative=0x0000000000003ec4
Event: 48.034 Thread 0x0000023326241000 Uncommon trap: reason=class_check action=maybe_recompile pc=0x00000233124431c4 method=com.sun.javafx.binding.ExpressionHelper$SingleChange.fireValueChangedEvent()V @ 10 c2
Event: 48.034 Thread 0x0000023326241000 DEOPT PACKING pc=0x00000233124431c4 sp=0x000000db25cfc780
Event: 48.034 Thread 0x0000023326241000 DEOPT UNPACKING pc=0x000002330a777b2f sp=0x000000db25cfc788 mode 2
Event: 48.726 Thread 0x0000023326241000 Uncommon trap: trap_request=0xffffffc6 fr.pc=0x000002331243ea30 relative=0x00000000000001d0
Event: 48.726 Thread 0x0000023326241000 Uncommon trap: reason=bimorphic_or_optimized_type_check action=maybe_recompile pc=0x000002331243ea30 method=com.sun.javafx.binding.ExpressionHelper$SingleInvalidation.fireValueChangedEvent()V @ 8 c2
Event: 48.726 Thread 0x0000023326241000 DEOPT PACKING pc=0x000002331243ea30 sp=0x000000db25cfb8c0
Event: 48.726 Thread 0x0000023326241000 DEOPT UNPACKING pc=0x000002330a777b2f sp=0x000000db25cfb868 mode 2
Event: 51.908 Thread 0x0000023326236800 DEOPT PACKING pc=0x000002330b6f3a01 sp=0x000000db25bfeeb0
Event: 51.908 Thread 0x0000023326236800 DEOPT UNPACKING pc=0x000002330a77794e sp=0x000000db25bfe390 mode 0
Event: 60.620 Thread 0x00000233258a9000 Uncommon trap: trap_request=0xffffff4d fr.pc=0x000002331243b1f8 relative=0x00000000000008d8
Event: 60.620 Thread 0x00000233258a9000 Uncommon trap: reason=unstable_if action=reinterpret pc=0x000002331243b1f8 method=java.util.concurrent.locks.AbstractQueuedSynchronizer.acquire(I)V @ 20 c2
Event: 60.620 Thread 0x00000233258a9000 DEOPT PACKING pc=0x000002331243b1f8 sp=0x000000db278fd0c0
Event: 60.620 Thread 0x00000233258a9000 DEOPT UNPACKING pc=0x000002330a777b2f sp=0x000000db278fce70 mode 2

Classes redefined (0 events):
No events

Internal exceptions (20 events):
Event: 9.871 Thread 0x0000023326241000 Exception <a 'java/io/FileNotFoundException'{0x000000072c5613d0}> (0x000000072c5613d0) thrown at [./src/hotspot/share/prims/jni.cpp, line 615]
Event: 9.872 Thread 0x0000023326241000 Exception <a 'java/io/FileNotFoundException'{0x000000072c56bc30}> (0x000000072c56bc30) thrown at [./src/hotspot/share/prims/jni.cpp, line 615]
Event: 9.873 Thread 0x0000023326241000 Exception <a 'java/io/FileNotFoundException'{0x000000072c57b588}> (0x000000072c57b588) thrown at [./src/hotspot/share/prims/jni.cpp, line 615]
Event: 19.581 Thread 0x0000023326241000 Exception <a 'java/io/FileNotFoundException'{0x000000072c337a10}> (0x000000072c337a10) thrown at [./src/hotspot/share/prims/jni.cpp, line 615]
Event: 19.581 Thread 0x0000023326241000 Exception <a 'java/io/FileNotFoundException'{0x000000072c342518}> (0x000000072c342518) thrown at [./src/hotspot/share/prims/jni.cpp, line 615]
Event: 19.583 Thread 0x0000023326241000 Exception <a 'java/io/FileNotFoundException'{0x000000072c352118}> (0x000000072c352118) thrown at [./src/hotspot/share/prims/jni.cpp, line 615]
Event: 22.634 Thread 0x0000023326241000 Exception <a 'java/io/FileNotFoundException'{0x000000072c2f4c10}> (0x000000072c2f4c10) thrown at [./src/hotspot/share/prims/jni.cpp, line 615]
Event: 22.634 Thread 0x0000023326241000 Exception <a 'java/io/FileNotFoundException'{0x000000072c1049d0}> (0x000000072c1049d0) thrown at [./src/hotspot/share/prims/jni.cpp, line 615]
Event: 22.635 Thread 0x0000023326241000 Exception <a 'java/io/FileNotFoundException'{0x000000072c114328}> (0x000000072c114328) thrown at [./src/hotspot/share/prims/jni.cpp, line 615]
Event: 23.488 Thread 0x0000023325e86800 Implicit null exception at 0x00000233123aa7ac to 0x00000233123aa830
Event: 23.746 Thread 0x0000023326241000 Exception <a 'java/lang/NoSuchMethodError'{0x000000072eb132e8}: 'java.lang.Object java.lang.invoke.DirectMethodHandle$Holder.invokeStatic(java.lang.Object, java.lang.Object, int, int, int, int, int, java.lang.Object)'> (0x000000072eb132e8) thrown at [./src/hotspot/share/interpreter/linkResolver.cpp, line 773]
Event: 23.747 Thread 0x0000023326241000 Exception <a 'java/lang/NoSuchMethodError'{0x000000072eb23b80}: 'java.lang.Object java.lang.invoke.DirectMethodHandle$Holder.invokeStatic(java.lang.Object, java.lang.Object, java.lang.Object, int, int, int, int, int)'> (0x000000072eb23b80) thrown at [./src/hotspot/share/interpreter/linkResolver.cpp, line 773]
Event: 23.747 Thread 0x0000023326241000 Exception <a 'java/lang/NoSuchMethodError'{0x000000072eb2a560}: 'java.lang.Object java.lang.invoke.Invokers$Holder.linkToTargetMethod(java.lang.Object, java.lang.Object, int, int, int, int, int, java.lang.Object)'> (0x000000072eb2a560) thrown at [./src/hotspot/share/interpreter/linkResolver.cpp, line 773]
Event: 26.065 Thread 0x0000023326241000 Exception <a 'java/io/FileNotFoundException'{0x000000072ead4f20}> (0x000000072ead4f20) thrown at [./src/hotspot/share/prims/jni.cpp, line 615]
Event: 26.066 Thread 0x0000023326241000 Exception <a 'java/io/FileNotFoundException'{0x000000072eadfa28}> (0x000000072eadfa28) thrown at [./src/hotspot/share/prims/jni.cpp, line 615]
Event: 26.067 Thread 0x0000023326241000 Exception <a 'java/io/FileNotFoundException'{0x000000072eaef628}> (0x000000072eaef628) thrown at [./src/hotspot/share/prims/jni.cpp, line 615]
Event: 44.981 Thread 0x0000023326241000 Exception <a 'java/lang/NoSuchMethodError'{0x000000072e871d48}: 'void java.lang.invoke.DirectMethodHandle$Holder.invokeStaticInit(java.lang.Object, java.lang.Object, java.lang.Object)'> (0x000000072e871d48) thrown at [./src/hotspot/share/interpreter/linkResolver.cpp, line 773]
Event: 44.996 Thread 0x0000023326241000 Exception <a 'java/io/FileNotFoundException'{0x000000072e75c580}> (0x000000072e75c580) thrown at [./src/hotspot/share/prims/jni.cpp, line 615]
Event: 44.997 Thread 0x0000023326241000 Exception <a 'java/io/FileNotFoundException'{0x000000072e767088}> (0x000000072e767088) thrown at [./src/hotspot/share/prims/jni.cpp, line 615]
Event: 44.998 Thread 0x0000023326241000 Exception <a 'java/io/FileNotFoundException'{0x000000072e776c88}> (0x000000072e776c88) thrown at [./src/hotspot/share/prims/jni.cpp, line 615]

Events (20 events):
Event: 45.084 Thread 0x0000023325257800 Thread added: 0x0000023325257800
Event: 45.085 Thread 0x0000023325259000 Thread added: 0x0000023325259000
Event: 45.086 Thread 0x0000023325254000 Thread added: 0x0000023325254000
Event: 45.087 Thread 0x0000023325260800 Thread added: 0x0000023325260800
Event: 45.088 Thread 0x000002332525d000 Thread added: 0x000002332525d000
Event: 45.370 Loaded shared library C:\Users\ociel\.openjfx\cache\15.0.1\prism_d3d.dll
Event: 46.019 Executing VM operation: ICBufferFull
Event: 46.019 Executing VM operation: ICBufferFull done
Event: 46.317 Thread 0x000002332f6f0800 Thread added: 0x000002332f6f0800
Event: 46.974 Thread 0x000002332f6f0800 Thread exited: 0x000002332f6f0800
Event: 47.178 Thread 0x000002332f65c800 Thread added: 0x000002332f65c800
Event: 47.334 loading class java/security/DomainCombiner
Event: 47.334 loading class java/security/DomainCombiner done
Event: 48.865 Thread 0x000002332f65c800 Thread exited: 0x000002332f65c800
Event: 48.991 Executing VM operation: G1CollectForAllocation
Event: 48.995 Executing VM operation: G1CollectForAllocation done
Event: 56.243 Executing VM operation: G1CollectForAllocation
Event: 56.244 Executing VM operation: G1CollectForAllocation done
Event: 64.445 Executing VM operation: G1CollectForAllocation
Event: 64.446 Executing VM operation: G1CollectForAllocation done


Dynamic libraries:
0x00007ff79b550000 - 0x00007ff79b55d000 	C:\Users\ociel\.jdks\corretto-11.0.10\bin\java.exe
0x00007ffde54d0000 - 0x00007ffde56c6000 	C:\Windows\SYSTEM32\ntdll.dll
0x00007ffde53d0000 - 0x00007ffde548d000 	C:\Windows\System32\KERNEL32.DLL
0x00007ffde3260000 - 0x00007ffde3529000 	C:\Windows\System32\KERNELBASE.dll
0x00007ffde3160000 - 0x00007ffde3260000 	C:\Windows\System32\ucrtbase.dll
0x00007ffdd3210000 - 0x00007ffdd3227000 	C:\Users\ociel\.jdks\corretto-11.0.10\bin\jli.dll
0x00007ffdd3230000 - 0x00007ffdd3245000 	C:\Users\ociel\.jdks\corretto-11.0.10\bin\VCRUNTIME140.dll
0x00007ffde3600000 - 0x00007ffde37a0000 	C:\Windows\System32\USER32.dll
0x00007ffde2e00000 - 0x00007ffde2e22000 	C:\Windows\System32\win32u.dll
0x00007ffde4de0000 - 0x00007ffde4e0a000 	C:\Windows\System32\GDI32.dll
0x00007ffdcdac0000 - 0x00007ffdcdd5b000 	C:\Windows\WinSxS\amd64_microsoft.windows.common-controls_6595b64144ccf1df_6.0.19041.746_none_ca02b4b61b8320a4\COMCTL32.dll
0x00007ffde2c90000 - 0x00007ffde2d9b000 	C:\Windows\System32\gdi32full.dll
0x00007ffde4f40000 - 0x00007ffde4fde000 	C:\Windows\System32\msvcrt.dll
0x00007ffde2ee0000 - 0x00007ffde2f7d000 	C:\Windows\System32\msvcp_win.dll
0x00007ffde3cc0000 - 0x00007ffde3cf0000 	C:\Windows\System32\IMM32.DLL
0x00007ffdd0520000 - 0x00007ffdd05bb000 	C:\Users\ociel\.jdks\corretto-11.0.10\bin\msvcp140.dll
0x00007ffd78b10000 - 0x00007ffd79657000 	C:\Users\ociel\.jdks\corretto-11.0.10\bin\server\jvm.dll
0x00007ffde3dd0000 - 0x00007ffde3e7c000 	C:\Windows\System32\ADVAPI32.dll
0x00007ffde51b0000 - 0x00007ffde524c000 	C:\Windows\System32\sechost.dll
0x00007ffde5050000 - 0x00007ffde517b000 	C:\Windows\System32\RPCRT4.dll
0x00007ffde51a0000 - 0x00007ffde51a8000 	C:\Windows\System32\PSAPI.DLL
0x00007ffddffb0000 - 0x00007ffddffb9000 	C:\Windows\SYSTEM32\WSOCK32.dll
0x00007ffde3d60000 - 0x00007ffde3dcb000 	C:\Windows\System32\WS2_32.dll
0x00007ffddb240000 - 0x00007ffddb267000 	C:\Windows\SYSTEM32\WINMM.dll
0x00007ffddb4c0000 - 0x00007ffddb4ca000 	C:\Windows\SYSTEM32\VERSION.dll
0x00007ffde0b90000 - 0x00007ffde0ba2000 	C:\Windows\SYSTEM32\kernel.appcore.dll
0x00007ffde0020000 - 0x00007ffde0030000 	C:\Users\ociel\.jdks\corretto-11.0.10\bin\verify.dll
0x00007ffdd84b0000 - 0x00007ffdd8694000 	C:\Windows\SYSTEM32\DBGHELP.DLL
0x00007ffdd6bc0000 - 0x00007ffdd6bec000 	C:\Windows\SYSTEM32\dbgcore.DLL
0x00007ffde2f80000 - 0x00007ffde3000000 	C:\Windows\System32\bcryptPrimitives.dll
0x00007ffdd31e0000 - 0x00007ffdd3208000 	C:\Users\ociel\.jdks\corretto-11.0.10\bin\java.dll
0x00007ffdd4350000 - 0x00007ffdd435a000 	C:\Users\ociel\.jdks\corretto-11.0.10\bin\jimage.dll
0x00007ffdd1ee0000 - 0x00007ffdd1eee000 	C:\Users\ociel\.jdks\corretto-11.0.10\bin\instrument.dll
0x00007ffdd31c0000 - 0x00007ffdd31d7000 	C:\Users\ociel\.jdks\corretto-11.0.10\bin\zip.dll
0x00007ffde43a0000 - 0x00007ffde4ae3000 	C:\Windows\System32\SHELL32.dll
0x00007ffde0d90000 - 0x00007ffde151f000 	C:\Windows\SYSTEM32\windows.storage.dll
0x00007ffde3830000 - 0x00007ffde3b86000 	C:\Windows\System32\combase.dll
0x00007ffde25a0000 - 0x00007ffde25cc000 	C:\Windows\SYSTEM32\Wldp.dll
0x00007ffde3e80000 - 0x00007ffde3f2e000 	C:\Windows\System32\SHCORE.dll
0x00007ffde4fe0000 - 0x00007ffde5035000 	C:\Windows\System32\shlwapi.dll
0x00007ffde2b40000 - 0x00007ffde2b66000 	C:\Windows\SYSTEM32\profapi.dll
0x00007ffdd1ec0000 - 0x00007ffdd1ed9000 	C:\Users\ociel\.jdks\corretto-11.0.10\bin\net.dll
0x00007ffddc7a0000 - 0x00007ffddc8a0000 	C:\Windows\SYSTEM32\WINHTTP.dll
0x00007ffde2320000 - 0x00007ffde238a000 	C:\Windows\system32\mswsock.dll
0x00007ffdd1ea0000 - 0x00007ffdd1eb2000 	C:\Users\ociel\.jdks\corretto-11.0.10\bin\nio.dll
0x00007ffdd1e80000 - 0x00007ffdd1e9a000 	C:\Users\ociel\AppData\Local\JetBrains\Toolbox\apps\IDEA-U\ch-0\203.6682.168\bin\breakgen64.dll
0x0000023326fe0000 - 0x0000023326fe3000 	C:\Users\ociel\.openjfx\cache\15.0.1\api-ms-win-core-console-l1-1-0.dll
0x0000023326ff0000 - 0x0000023326ff3000 	C:\Users\ociel\.openjfx\cache\15.0.1\api-ms-win-core-console-l1-2-0.dll
0x0000023327000000 - 0x0000023327003000 	C:\Users\ociel\.openjfx\cache\15.0.1\api-ms-win-core-datetime-l1-1-0.dll
0x0000023327010000 - 0x0000023327013000 	C:\Users\ociel\.openjfx\cache\15.0.1\api-ms-win-core-debug-l1-1-0.dll
0x0000023327020000 - 0x0000023327023000 	C:\Users\ociel\.openjfx\cache\15.0.1\api-ms-win-core-errorhandling-l1-1-0.dll
0x0000023327030000 - 0x0000023327034000 	C:\Users\ociel\.openjfx\cache\15.0.1\api-ms-win-core-file-l1-1-0.dll
0x0000023327040000 - 0x0000023327043000 	C:\Users\ociel\.openjfx\cache\15.0.1\api-ms-win-core-file-l1-2-0.dll
0x0000023327050000 - 0x0000023327053000 	C:\Users\ociel\.openjfx\cache\15.0.1\api-ms-win-core-file-l2-1-0.dll
0x0000023327060000 - 0x0000023327063000 	C:\Users\ociel\.openjfx\cache\15.0.1\api-ms-win-core-handle-l1-1-0.dll
0x0000023327070000 - 0x0000023327073000 	C:\Users\ociel\.openjfx\cache\15.0.1\api-ms-win-core-heap-l1-1-0.dll
0x0000023327080000 - 0x0000023327083000 	C:\Users\ociel\.openjfx\cache\15.0.1\api-ms-win-core-interlocked-l1-1-0.dll
0x0000023327090000 - 0x0000023327093000 	C:\Users\ociel\.openjfx\cache\15.0.1\api-ms-win-core-libraryloader-l1-1-0.dll
0x00000233270a0000 - 0x00000233270a3000 	C:\Users\ociel\.openjfx\cache\15.0.1\api-ms-win-core-localization-l1-2-0.dll
0x00000233270b0000 - 0x00000233270b3000 	C:\Users\ociel\.openjfx\cache\15.0.1\api-ms-win-core-memory-l1-1-0.dll
0x00000233270c0000 - 0x00000233270c3000 	C:\Users\ociel\.openjfx\cache\15.0.1\api-ms-win-core-namedpipe-l1-1-0.dll
0x00000233270d0000 - 0x00000233270d3000 	C:\Users\ociel\.openjfx\cache\15.0.1\api-ms-win-core-processenvironment-l1-1-0.dll
0x00000233270e0000 - 0x00000233270e3000 	C:\Users\ociel\.openjfx\cache\15.0.1\api-ms-win-core-processthreads-l1-1-0.dll
0x00000233270f0000 - 0x00000233270f3000 	C:\Users\ociel\.openjfx\cache\15.0.1\api-ms-win-core-processthreads-l1-1-1.dll
0x0000023327100000 - 0x0000023327103000 	C:\Users\ociel\.openjfx\cache\15.0.1\api-ms-win-core-profile-l1-1-0.dll
0x0000023327110000 - 0x0000023327113000 	C:\Users\ociel\.openjfx\cache\15.0.1\api-ms-win-core-rtlsupport-l1-1-0.dll
0x0000023327120000 - 0x0000023327123000 	C:\Users\ociel\.openjfx\cache\15.0.1\api-ms-win-core-string-l1-1-0.dll
0x0000023327130000 - 0x0000023327133000 	C:\Users\ociel\.openjfx\cache\15.0.1\api-ms-win-core-synch-l1-1-0.dll
0x0000023327140000 - 0x0000023327143000 	C:\Users\ociel\.openjfx\cache\15.0.1\api-ms-win-core-synch-l1-2-0.dll
0x0000023327150000 - 0x0000023327153000 	C:\Users\ociel\.openjfx\cache\15.0.1\api-ms-win-core-sysinfo-l1-1-0.dll
0x0000023327160000 - 0x0000023327163000 	C:\Users\ociel\.openjfx\cache\15.0.1\api-ms-win-core-timezone-l1-1-0.dll
0x0000023327170000 - 0x0000023327173000 	C:\Users\ociel\.openjfx\cache\15.0.1\api-ms-win-core-util-l1-1-0.dll
0x0000023327180000 - 0x0000023327183000 	C:\Users\ociel\.openjfx\cache\15.0.1\api-ms-win-crt-conio-l1-1-0.dll
0x0000023327190000 - 0x0000023327194000 	C:\Users\ociel\.openjfx\cache\15.0.1\api-ms-win-crt-convert-l1-1-0.dll
0x00000233271a0000 - 0x00000233271a3000 	C:\Users\ociel\.openjfx\cache\15.0.1\api-ms-win-crt-environment-l1-1-0.dll
0x00000233271b0000 - 0x00000233271b3000 	C:\Users\ociel\.openjfx\cache\15.0.1\api-ms-win-crt-filesystem-l1-1-0.dll
0x00000233271c0000 - 0x00000233271c3000 	C:\Users\ociel\.openjfx\cache\15.0.1\api-ms-win-crt-heap-l1-1-0.dll
0x00000233271d0000 - 0x00000233271d3000 	C:\Users\ociel\.openjfx\cache\15.0.1\api-ms-win-crt-locale-l1-1-0.dll
0x00000233271e0000 - 0x00000233271e5000 	C:\Users\ociel\.openjfx\cache\15.0.1\api-ms-win-crt-math-l1-1-0.dll
0x00000233271f0000 - 0x00000233271f5000 	C:\Users\ociel\.openjfx\cache\15.0.1\api-ms-win-crt-multibyte-l1-1-0.dll
0x0000023327200000 - 0x0000023327210000 	C:\Users\ociel\.openjfx\cache\15.0.1\api-ms-win-crt-private-l1-1-0.dll
0x0000023327210000 - 0x0000023327213000 	C:\Users\ociel\.openjfx\cache\15.0.1\api-ms-win-crt-process-l1-1-0.dll
0x0000023327240000 - 0x0000023327244000 	C:\Users\ociel\.openjfx\cache\15.0.1\api-ms-win-crt-runtime-l1-1-0.dll
0x0000023327250000 - 0x0000023327254000 	C:\Users\ociel\.openjfx\cache\15.0.1\api-ms-win-crt-stdio-l1-1-0.dll
0x0000023327260000 - 0x0000023327264000 	C:\Users\ociel\.openjfx\cache\15.0.1\api-ms-win-crt-string-l1-1-0.dll
0x0000023327270000 - 0x0000023327273000 	C:\Users\ociel\.openjfx\cache\15.0.1\api-ms-win-crt-time-l1-1-0.dll
0x0000023327280000 - 0x0000023327283000 	C:\Users\ociel\.openjfx\cache\15.0.1\api-ms-win-crt-utility-l1-1-0.dll
0x00007ffdd0420000 - 0x00007ffdd051c000 	C:\Users\ociel\.openjfx\cache\15.0.1\ucrtbase.dll
0x00007ffdd0400000 - 0x00007ffdd0415000 	C:\Users\ociel\.openjfx\cache\15.0.1\vcruntime140.dll
0x00007ffdd0300000 - 0x00007ffdd030c000 	C:\Windows\System32\vcruntime140_1.dll
0x00007ffdba8e0000 - 0x00007ffdba97b000 	C:\Users\ociel\.openjfx\cache\15.0.1\msvcp140.dll
0x00007ffdcaa80000 - 0x00007ffdcaaa3000 	C:\Users\ociel\.openjfx\cache\15.0.1\prism_d3d.dll
0x00007ffdaa600000 - 0x00007ffdaa7cf000 	C:\Windows\system32\d3d9.dll
0x00007ffde08a0000 - 0x00007ffde08cf000 	C:\Windows\SYSTEM32\dwmapi.dll
0x00007ffde06d0000 - 0x00007ffde076e000 	C:\Windows\system32\uxtheme.dll
0x00007ffddb290000 - 0x00007ffddb46b000 	C:\Windows\System32\DriverStore\FileRepository\u0359473.inf_amd64_93fa9d470ff72b12\B359612\aticfx64.dll
0x00007ffdc9260000 - 0x00007ffdc9293000 	C:\Windows\System32\DriverStore\FileRepository\u0359473.inf_amd64_93fa9d470ff72b12\B359612\atiu9p64.dll
0x00007ffd77e70000 - 0x00007ffd78b06000 	C:\Windows\System32\DriverStore\FileRepository\u0359473.inf_amd64_93fa9d470ff72b12\B359612\atiumd64.dll
0x00007ffde3b90000 - 0x00007ffde3cba000 	C:\Windows\System32\ole32.dll
0x0000000060340000 - 0x00000000611b9000 	C:\Windows\System32\DriverStore\FileRepository\u0359473.inf_amd64_93fa9d470ff72b12\B359612\atiumd6a.dll
0x00007ffde2a70000 - 0x00007ffde2abb000 	C:\Windows\SYSTEM32\POWRPROF.dll
0x00007ffde2a50000 - 0x00007ffde2a62000 	C:\Windows\SYSTEM32\UMPDC.dll
0x00007ffdd98d0000 - 0x00007ffdd98ff000 	C:\Windows\SYSTEM32\amdihk64.dll
0x00007ffdbb0a0000 - 0x00007ffdbb0e5000 	C:\Users\ociel\.openjfx\cache\15.0.1\glass.dll
0x00007ffde4d00000 - 0x00007ffde4ddb000 	C:\Windows\System32\COMDLG32.dll
0x00007ffde3530000 - 0x00007ffde35fd000 	C:\Windows\System32\OLEAUT32.dll
0x00007ffde5250000 - 0x00007ffde5366000 	C:\Windows\System32\MSCTF.dll
0x00007ffddb470000 - 0x00007ffddb4ab000 	C:\Windows\SYSTEM32\dxcore.dll
0x00007ffde2c10000 - 0x00007ffde2c5e000 	C:\Windows\System32\cfgmgr32.dll
0x00007ffdca810000 - 0x00007ffdca824000 	C:\Users\ociel\.openjfx\cache\15.0.1\javafx_font.dll
0x00007ffdcd820000 - 0x00007ffdcda9f000 	C:\Windows\SYSTEM32\dwrite.dll
0x00007ffde24f0000 - 0x00007ffde2508000 	C:\Windows\SYSTEM32\CRYPTSP.dll
0x00007ffde1cc0000 - 0x00007ffde1cf4000 	C:\Windows\system32\rsaenh.dll
0x00007ffde2c60000 - 0x00007ffde2c87000 	C:\Windows\System32\bcrypt.dll
0x00007ffde2b00000 - 0x00007ffde2b2e000 	C:\Windows\SYSTEM32\USERENV.dll
0x00007ffde2510000 - 0x00007ffde251c000 	C:\Windows\SYSTEM32\CRYPTBASE.dll
0x00007ffde2010000 - 0x00007ffde204b000 	C:\Windows\SYSTEM32\IPHLPAPI.DLL
0x00007ffde3d50000 - 0x00007ffde3d58000 	C:\Windows\System32\NSI.dll
0x00007ffddd440000 - 0x00007ffddd457000 	C:\Windows\SYSTEM32\dhcpcsvc6.DLL
0x00007ffddd420000 - 0x00007ffddd43d000 	C:\Windows\SYSTEM32\dhcpcsvc.DLL
0x00007ffde2050000 - 0x00007ffde211b000 	C:\Windows\SYSTEM32\DNSAPI.dll
0x00007ffdc8eb0000 - 0x00007ffdc8edc000 	C:\Users\ociel\.openjfx\cache\15.0.1\javafx_iio.dll
0x00007ffdbb070000 - 0x00007ffdbb095000 	C:\Users\ociel\.jdks\corretto-11.0.10\bin\sunec.dll
0x00007ffdca970000 - 0x00007ffdca97e000 	C:\Users\ociel\.jdks\corretto-11.0.10\bin\sunmscapi.dll
0x00007ffde3000000 - 0x00007ffde3156000 	C:\Windows\System32\CRYPT32.dll
0x00007ffde2610000 - 0x00007ffde2637000 	C:\Windows\SYSTEM32\ncrypt.dll
0x00007ffde25d0000 - 0x00007ffde260b000 	C:\Windows\SYSTEM32\NTASN1.dll
0x00007ffde4e10000 - 0x00007ffde4eb9000 	C:\Windows\System32\clbcatq.dll

dbghelp: loaded successfully - version: 4.0.5 - missing functions: none
symbol engine: initialized successfully - sym options: 0x614 - pdb path: .;C:\Users\ociel\.jdks\corretto-11.0.10\bin;C:\Windows\SYSTEM32;C:\Windows\WinSxS\amd64_microsoft.windows.common-controls_6595b64144ccf1df_6.0.19041.746_none_ca02b4b61b8320a4;C:\Users\ociel\.jdks\corretto-11.0.10\bin\server;C:\Users\ociel\AppData\Local\JetBrains\Toolbox\apps\IDEA-U\ch-0\203.6682.168\bin;C:\Users\ociel\.openjfx\cache\15.0.1;C:\Windows\System32\DriverStore\FileRepository\u0359473.inf_amd64_93fa9d470ff72b12\B359612;C:\Program Files\Common Files\Microsoft Shared\Ink

VM Arguments:
jvm_args: --add-opens=java.base/java.lang.reflect=com.jfoenix -javaagent:C:\Users\ociel\AppData\Local\JetBrains\Toolbox\apps\IDEA-U\ch-0\203.6682.168\lib\idea_rt.jar=56854:C:\Users\ociel\AppData\Local\JetBrains\Toolbox\apps\IDEA-U\ch-0\203.6682.168\bin -Dfile.encoding=UTF-8 --module-path=C:\Users\ociel\OneDrive\gym\target\classes;C:\Users\ociel\.m2\repository\org\openjfx\javafx-controls\15.0.1\javafx-controls-15.0.1.jar;C:\Users\ociel\.m2\repository\org\openjfx\javafx-controls\15.0.1\javafx-controls-15.0.1-win.jar;C:\Users\ociel\.m2\repository\org\openjfx\javafx-fxml\15.0.1\javafx-fxml-15.0.1.jar;C:\Users\ociel\.m2\repository\org\openjfx\javafx-fxml\15.0.1\javafx-fxml-15.0.1-win.jar;C:\Users\ociel\.m2\repository\org\openjfx\javafx-graphics\15.0.1\javafx-graphics-15.0.1.jar;C:\Users\ociel\.m2\repository\org\openjfx\javafx-graphics\15.0.1\javafx-graphics-15.0.1-win.jar;C:\Users\ociel\.m2\repository\org\openjfx\javafx-base\15.0.1\javafx-base-15.0.1.jar;C:\Users\ociel\.m2\repository\org\openjfx\javafx-base\15.0.1\javafx-base-15.0.1-win.jar;C:\Users\ociel\.m2\repository\org\openjfx\javafx-web\15.0.1\javafx-web-15.0.1.jar;C:\Users\ociel\.m2\repository\org\openjfx\javafx-web\15.0.1\javafx-web-15.0.1-win.jar;C:\Users\ociel\.m2\repository\org\openjfx\javafx-media\15.0.1\javafx-media-15.0.1.jar;C:\Users\ociel\.m2\repository\org\openjfx\javafx-media\15.0.1\javafx-media-15.0.1-win.jar;C:\Users\ociel\.m2\repository\org\openjfx\javafx-swing\15.0.1\javafx-swing-15.0.1.jar;C:\Users\ociel\.m2\repository\org\openjfx\javafx-swing\15.0.1\javafx-swing-15.0.1-win.jar;C:\Users\ociel\.m2\repository\com\jfoenix\jfoenix\9.0.10\jfoenix-9.0.10.jar;C:\Users\ociel\.m2\repository\org\kordamp\ikonli\ikonli-javafx\11.5.0\ikonli-javafx-11.5.0.jar;C:\Users\ociel\.m2\repository\org\kordamp\ikonli\ikonli-core\11.5.0\ikonli-core-11.5.0.jar;C:\Users\ociel\.m2\repository\org\kordamp\ikonli\ikonli-material-pack\11.5.0\ikonli-material-pack-11.5.0.jar;C:\Users\ociel\.m2\repository\mysql\mysql-connector-java\8.0.22\mysql-connector-java-8.0.22.jar;C:\Users\ociel\.m2\repository\com\google\protobuf\protobuf-java\3.11.4\protobuf-java-3.11.4.jar -Djdk.module.main=app 
java_command: app/com.ocielgp.RunApp
java_class_path (initial): <not set>
Launcher Type: SUN_STANDARD

[Global flags]
     intx CICompilerCount                          = 3                                         {product} {ergonomic}
     uint ConcGCThreads                            = 1                                         {product} {ergonomic}
     uint G1ConcRefinementThreads                  = 4                                         {product} {ergonomic}
   size_t G1HeapRegionSize                         = 1048576                                   {product} {ergonomic}
    uintx GCDrainStackTargetSize                   = 64                                        {product} {ergonomic}
   size_t InitialHeapSize                          = 234881024                                 {product} {ergonomic}
   size_t MarkStackSize                            = 4194304                                   {product} {ergonomic}
   size_t MaxHeapSize                              = 3745513472                                {product} {ergonomic}
   size_t MaxNewSize                               = 2247098368                                {product} {ergonomic}
   size_t MinHeapDeltaBytes                        = 1048576                                   {product} {ergonomic}
    uintx NonNMethodCodeHeapSize                   = 5830732                                {pd product} {ergonomic}
    uintx NonProfiledCodeHeapSize                  = 122913754                              {pd product} {ergonomic}
    uintx ProfiledCodeHeapSize                     = 122913754                              {pd product} {ergonomic}
    uintx ReservedCodeCacheSize                    = 251658240                              {pd product} {ergonomic}
     bool SegmentedCodeCache                       = true                                      {product} {ergonomic}
     bool UseCompressedClassPointers               = true                                 {lp64_product} {ergonomic}
     bool UseCompressedOops                        = true                                 {lp64_product} {ergonomic}
     bool UseG1GC                                  = true                                      {product} {ergonomic}
     bool UseLargePagesIndividualAllocation        = false                                  {pd product} {ergonomic}

Logging:
Log output configuration:
 #0: stdout all=warning uptime,level,tags
 #1: stderr all=off uptime,level,tags

Environment Variables:
PATH=C:\Windows\system32;C:\Windows;C:\Windows\System32\Wbem;C:\Windows\System32\WindowsPowerShell\v1.0\;C:\Windows\System32\OpenSSH\;C:\Program Files\PuTTY\;C:\Program Files\nodejs\;C:\Program Files\Git\cmd;C:\Users\ociel\AppData\Local\Microsoft\WindowsApps;C:\Users\ociel\AppData\Local\Programs\Microsoft VS Code\bin;C:\Users\ociel\.jdks\openjdk-15.0.1\bin;C:\Users\ociel\.jdks\apache-maven-3.6.3\bin;C:\Users\ociel\AppData\Roaming\npm;C:\Program Files\MySQL\MySQL Server 8.0\bin;C:\Users\ociel\AppData\Local\Android\Sdk\tools\bin;
USERNAME=ociel
OS=Windows_NT
PROCESSOR_IDENTIFIER=AMD64 Family 23 Model 17 Stepping 0, AuthenticAMD



---------------  S Y S T E M  ---------------

OS: Windows 10 , 64 bit Build 19041 (10.0.19041.662)
OS uptime: 0 days 2:42 hours

CPU:total 4 (initial active 4) (4 cores per cpu, 1 threads per core) family 23 model 17 stepping 0 microcode 0x0, cmov, cx8, fxsr, mmx, sse, sse2, sse3, ssse3, sse4.1, sse4.2, popcnt, avx, avx2, aes, clmul, mmxext, 3dnowpref, lzcnt, sse4a, tsc, tscinvbit, tscinv, bmi1, bmi2, adx, sha, 

Memory: 4k page, system-wide physical 14284M (7497M free)
TotalPageFile size 21708M (AvailPageFile size 11730M)
current process WorkingSet (physical memory assigned to process): 312M, peak: 317M
current process commit charge ("private bytes"): 481M, peak: 522M

vm_info: OpenJDK 64-Bit Server VM (11.0.10+9-LTS) for windows-amd64 JRE (11.0.10+9-LTS), built on Jan 12 2021 22:37:55 by "Administrator" with MS VC++ 15.9 (VS2017)

END.
